ERROR - 2023-03-08 04:44:33 --> mysqli_sql_exception: Column 'fakultas' cannot be null in C:\Users\lenovo\Downloads\codeigniter4\system\Database\MySQLi\Connection.php:295
Stack trace:
#0 C:\Users\lenovo\Downloads\codeigniter4\system\Database\MySQLi\Connection.php(295): mysqli->query('INSERT INTO `ma...', 0)
#1 C:\Users\lenovo\Downloads\codeigniter4\system\Database\BaseConnection.php(691): CodeIgniter\Database\MySQLi\Connection->execute('INSERT INTO `ma...')
#2 C:\Users\lenovo\Downloads\codeigniter4\system\Database\BaseConnection.php(605): CodeIgniter\Database\BaseConnection->simpleQuery('INSERT INTO `ma...')
#3 C:\Users\lenovo\Downloads\codeigniter4\system\Database\BaseBuilder.php(2309): CodeIgniter\Database\BaseConnection->query('INSERT INTO `ma...', Array, false)
#4 C:\Users\lenovo\Downloads\codeigniter4\app\Models\MData.php(16): CodeIgniter\Database\BaseBuilder->insert(Array)
#5 C:\Users\lenovo\Downloads\codeigniter4\app\Controllers\Data.php(36): App\Models\MData->saveData(Array)
#6 C:\Users\lenovo\Downloads\codeigniter4\system\CodeIgniter.php(934): App\Controllers\Data->saveData()
#7 C:\Users\lenovo\Downloads\codeigniter4\system\CodeIgniter.php(499): CodeIgniter\CodeIgniter->runController(Object(App\Controllers\Data))
#8 C:\Users\lenovo\Downloads\codeigniter4\system\CodeIgniter.php(368): CodeIgniter\CodeIgniter->handleRequest(NULL, Object(Config\Cache), false)
#9 C:\Users\lenovo\Downloads\codeigniter4\public\index.php(67): CodeIgniter\CodeIgniter->run()
#10 C:\Users\lenovo\Downloads\codeigniter4\system\Commands\Server\rewrite.php(47): require_once('C:\\Users\\lenovo...')
#11 {main}
CRITICAL - 2023-03-08 04:44:33 --> Column 'fakultas' cannot be null
in SYSTEMPATH\Database\BaseConnection.php on line 645.
 1 SYSTEMPATH\Database\BaseBuilder.php(2309): CodeIgniter\Database\BaseConnection->query('INSERT INTO `mahasiswa` (`nim`, `nama`, `fakultas`, `alamat`) VALUES (:nim:, :nama:, :fakultas:, :alamat:)', [...], false)
 2 APPPATH\Models\MData.php(16): CodeIgniter\Database\BaseBuilder->insert([...])
 3 APPPATH\Controllers\Data.php(36): App\Models\MData->saveData([...])
 4 SYSTEMPATH\CodeIgniter.php(934): App\Controllers\Data->saveData()
 5 SYSTEMPATH\CodeIgniter.php(499): CodeIgniter\CodeIgniter->runController(Object(App\Controllers\Data))
 6 SYSTEMPATH\CodeIgniter.php(368): CodeIgniter\CodeIgniter->handleRequest(null, Object(Config\Cache), false)
 7 FCPATH\index.php(67): CodeIgniter\CodeIgniter->run()
 8 SYSTEMPATH\Commands\Server\rewrite.php(47): require_once('FCPATH\\index.php')
ERROR - 2023-03-08 04:45:06 --> mysqli_sql_exception: Column 'alamat' cannot be null in C:\Users\lenovo\Downloads\codeigniter4\system\Database\MySQLi\Connection.php:295
Stack trace:
#0 C:\Users\lenovo\Downloads\codeigniter4\system\Database\MySQLi\Connection.php(295): mysqli->query('INSERT INTO `ma...', 0)
#1 C:\Users\lenovo\Downloads\codeigniter4\system\Database\BaseConnection.php(691): CodeIgniter\Database\MySQLi\Connection->execute('INSERT INTO `ma...')
#2 C:\Users\lenovo\Downloads\codeigniter4\system\Database\BaseConnection.php(605): CodeIgniter\Database\BaseConnection->simpleQuery('INSERT INTO `ma...')
#3 C:\Users\lenovo\Downloads\codeigniter4\system\Database\BaseBuilder.php(2309): CodeIgniter\Database\BaseConnection->query('INSERT INTO `ma...', Array, false)
#4 C:\Users\lenovo\Downloads\codeigniter4\app\Models\MData.php(16): CodeIgniter\Database\BaseBuilder->insert(Array)
#5 C:\Users\lenovo\Downloads\codeigniter4\app\Controllers\Data.php(36): App\Models\MData->saveData(Array)
#6 C:\Users\lenovo\Downloads\codeigniter4\system\CodeIgniter.php(934): App\Controllers\Data->saveData()
#7 C:\Users\lenovo\Downloads\codeigniter4\system\CodeIgniter.php(499): CodeIgniter\CodeIgniter->runController(Object(App\Controllers\Data))
#8 C:\Users\lenovo\Downloads\codeigniter4\system\CodeIgniter.php(368): CodeIgniter\CodeIgniter->handleRequest(NULL, Object(Config\Cache), false)
#9 C:\Users\lenovo\Downloads\codeigniter4\public\index.php(67): CodeIgniter\CodeIgniter->run()
#10 C:\Users\lenovo\Downloads\codeigniter4\system\Commands\Server\rewrite.php(47): require_once('C:\\Users\\lenovo...')
#11 {main}
CRITICAL - 2023-03-08 04:45:06 --> Column 'alamat' cannot be null
in SYSTEMPATH\Database\BaseConnection.php on line 645.
 1 SYSTEMPATH\Database\BaseBuilder.php(2309): CodeIgniter\Database\BaseConnection->query('INSERT INTO `mahasiswa` (`nim`, `nama`, `fakultas`, `alamat`) VALUES (:nim:, :nama:, :fakultas:, :alamat:)', [...], false)
 2 APPPATH\Models\MData.php(16): CodeIgniter\Database\BaseBuilder->insert([...])
 3 APPPATH\Controllers\Data.php(36): App\Models\MData->saveData([...])
 4 SYSTEMPATH\CodeIgniter.php(934): App\Controllers\Data->saveData()
 5 SYSTEMPATH\CodeIgniter.php(499): CodeIgniter\CodeIgniter->runController(Object(App\Controllers\Data))
 6 SYSTEMPATH\CodeIgniter.php(368): CodeIgniter\CodeIgniter->handleRequest(null, Object(Config\Cache), false)
 7 FCPATH\index.php(67): CodeIgniter\CodeIgniter->run()
 8 SYSTEMPATH\Commands\Server\rewrite.php(47): require_once('FCPATH\\index.php')
ERROR - 2023-03-08 04:45:18 --> mysqli_sql_exception: Column 'alamat' cannot be null in C:\Users\lenovo\Downloads\codeigniter4\system\Database\MySQLi\Connection.php:295
Stack trace:
#0 C:\Users\lenovo\Downloads\codeigniter4\system\Database\MySQLi\Connection.php(295): mysqli->query('INSERT INTO `ma...', 0)
#1 C:\Users\lenovo\Downloads\codeigniter4\system\Database\BaseConnection.php(691): CodeIgniter\Database\MySQLi\Connection->execute('INSERT INTO `ma...')
#2 C:\Users\lenovo\Downloads\codeigniter4\system\Database\BaseConnection.php(605): CodeIgniter\Database\BaseConnection->simpleQuery('INSERT INTO `ma...')
#3 C:\Users\lenovo\Downloads\codeigniter4\system\Database\BaseBuilder.php(2309): CodeIgniter\Database\BaseConnection->query('INSERT INTO `ma...', Array, false)
#4 C:\Users\lenovo\Downloads\codeigniter4\app\Models\MData.php(16): CodeIgniter\Database\BaseBuilder->insert(Array)
#5 C:\Users\lenovo\Downloads\codeigniter4\app\Controllers\Data.php(36): App\Models\MData->saveData(Array)
#6 C:\Users\lenovo\Downloads\codeigniter4\system\CodeIgniter.php(934): App\Controllers\Data->saveData()
#7 C:\Users\lenovo\Downloads\codeigniter4\system\CodeIgniter.php(499): CodeIgniter\CodeIgniter->runController(Object(App\Controllers\Data))
#8 C:\Users\lenovo\Downloads\codeigniter4\system\CodeIgniter.php(368): CodeIgniter\CodeIgniter->handleRequest(NULL, Object(Config\Cache), false)
#9 C:\Users\lenovo\Downloads\codeigniter4\public\index.php(67): CodeIgniter\CodeIgniter->run()
#10 C:\Users\lenovo\Downloads\codeigniter4\system\Commands\Server\rewrite.php(47): require_once('C:\\Users\\lenovo...')
#11 {main}
CRITICAL - 2023-03-08 04:45:18 --> Column 'alamat' cannot be null
in SYSTEMPATH\Database\BaseConnection.php on line 645.
 1 SYSTEMPATH\Database\BaseBuilder.php(2309): CodeIgniter\Database\BaseConnection->query('INSERT INTO `mahasiswa` (`nim`, `nama`, `fakultas`, `alamat`) VALUES (:nim:, :nama:, :fakultas:, :alamat:)', [...], false)
 2 APPPATH\Models\MData.php(16): CodeIgniter\Database\BaseBuilder->insert([...])
 3 APPPATH\Controllers\Data.php(36): App\Models\MData->saveData([...])
 4 SYSTEMPATH\CodeIgniter.php(934): App\Controllers\Data->saveData()
 5 SYSTEMPATH\CodeIgniter.php(499): CodeIgniter\CodeIgniter->runController(Object(App\Controllers\Data))
 6 SYSTEMPATH\CodeIgniter.php(368): CodeIgniter\CodeIgniter->handleRequest(null, Object(Config\Cache), false)
 7 FCPATH\index.php(67): CodeIgniter\CodeIgniter->run()
 8 SYSTEMPATH\Commands\Server\rewrite.php(47): require_once('FCPATH\\index.php')
ERROR - 2023-03-08 04:46:08 --> mysqli_sql_exception: Column 'alamat' cannot be null in C:\Users\lenovo\Downloads\codeigniter4\system\Database\MySQLi\Connection.php:295
Stack trace:
#0 C:\Users\lenovo\Downloads\codeigniter4\system\Database\MySQLi\Connection.php(295): mysqli->query('INSERT INTO `ma...', 0)
#1 C:\Users\lenovo\Downloads\codeigniter4\system\Database\BaseConnection.php(691): CodeIgniter\Database\MySQLi\Connection->execute('INSERT INTO `ma...')
#2 C:\Users\lenovo\Downloads\codeigniter4\system\Database\BaseConnection.php(605): CodeIgniter\Database\BaseConnection->simpleQuery('INSERT INTO `ma...')
#3 C:\Users\lenovo\Downloads\codeigniter4\system\Database\BaseBuilder.php(2309): CodeIgniter\Database\BaseConnection->query('INSERT INTO `ma...', Array, false)
#4 C:\Users\lenovo\Downloads\codeigniter4\app\Models\MData.php(16): CodeIgniter\Database\BaseBuilder->insert(Array)
#5 C:\Users\lenovo\Downloads\codeigniter4\app\Controllers\Data.php(36): App\Models\MData->saveData(Array)
#6 C:\Users\lenovo\Downloads\codeigniter4\system\CodeIgniter.php(934): App\Controllers\Data->saveData()
#7 C:\Users\lenovo\Downloads\codeigniter4\system\CodeIgniter.php(499): CodeIgniter\CodeIgniter->runController(Object(App\Controllers\Data))
#8 C:\Users\lenovo\Downloads\codeigniter4\system\CodeIgniter.php(368): CodeIgniter\CodeIgniter->handleRequest(NULL, Object(Config\Cache), false)
#9 C:\Users\lenovo\Downloads\codeigniter4\public\index.php(67): CodeIgniter\CodeIgniter->run()
#10 C:\Users\lenovo\Downloads\codeigniter4\system\Commands\Server\rewrite.php(47): require_once('C:\\Users\\lenovo...')
#11 {main}
CRITICAL - 2023-03-08 04:46:08 --> Column 'alamat' cannot be null
in SYSTEMPATH\Database\BaseConnection.php on line 645.
 1 SYSTEMPATH\Database\BaseBuilder.php(2309): CodeIgniter\Database\BaseConnection->query('INSERT INTO `mahasiswa` (`nim`, `nama`, `fakultas`, `alamat`) VALUES (:nim:, :nama:, :fakultas:, :alamat:)', [...], false)
 2 APPPATH\Models\MData.php(16): CodeIgniter\Database\BaseBuilder->insert([...])
 3 APPPATH\Controllers\Data.php(36): App\Models\MData->saveData([...])
 4 SYSTEMPATH\CodeIgniter.php(934): App\Controllers\Data->saveData()
 5 SYSTEMPATH\CodeIgniter.php(499): CodeIgniter\CodeIgniter->runController(Object(App\Controllers\Data))
 6 SYSTEMPATH\CodeIgniter.php(368): CodeIgniter\CodeIgniter->handleRequest(null, Object(Config\Cache), false)
 7 FCPATH\index.php(67): CodeIgniter\CodeIgniter->run()
 8 SYSTEMPATH\Commands\Server\rewrite.php(47): require_once('FCPATH\\index.php')
ERROR - 2023-03-08 04:49:42 --> mysqli_sql_exception: Column 'alamat' cannot be null in C:\Users\lenovo\Downloads\codeigniter4\system\Database\MySQLi\Connection.php:295
Stack trace:
#0 C:\Users\lenovo\Downloads\codeigniter4\system\Database\MySQLi\Connection.php(295): mysqli->query('INSERT INTO `ma...', 0)
#1 C:\Users\lenovo\Downloads\codeigniter4\system\Database\BaseConnection.php(691): CodeIgniter\Database\MySQLi\Connection->execute('INSERT INTO `ma...')
#2 C:\Users\lenovo\Downloads\codeigniter4\system\Database\BaseConnection.php(605): CodeIgniter\Database\BaseConnection->simpleQuery('INSERT INTO `ma...')
#3 C:\Users\lenovo\Downloads\codeigniter4\system\Database\BaseBuilder.php(2309): CodeIgniter\Database\BaseConnection->query('INSERT INTO `ma...', Array, false)
#4 C:\Users\lenovo\Downloads\codeigniter4\app\Models\MData.php(16): CodeIgniter\Database\BaseBuilder->insert(Array)
#5 C:\Users\lenovo\Downloads\codeigniter4\app\Controllers\Data.php(36): App\Models\MData->saveData(Array)
#6 C:\Users\lenovo\Downloads\codeigniter4\system\CodeIgniter.php(934): App\Controllers\Data->saveData()
#7 C:\Users\lenovo\Downloads\codeigniter4\system\CodeIgniter.php(499): CodeIgniter\CodeIgniter->runController(Object(App\Controllers\Data))
#8 C:\Users\lenovo\Downloads\codeigniter4\system\CodeIgniter.php(368): CodeIgniter\CodeIgniter->handleRequest(NULL, Object(Config\Cache), false)
#9 C:\Users\lenovo\Downloads\codeigniter4\public\index.php(67): CodeIgniter\CodeIgniter->run()
#10 C:\Users\lenovo\Downloads\codeigniter4\system\Commands\Server\rewrite.php(47): require_once('C:\\Users\\lenovo...')
#11 {main}
CRITICAL - 2023-03-08 04:49:42 --> Column 'alamat' cannot be null
in SYSTEMPATH\Database\BaseConnection.php on line 645.
 1 SYSTEMPATH\Database\BaseBuilder.php(2309): CodeIgniter\Database\BaseConnection->query('INSERT INTO `mahasiswa` (`nim`, `nama`, `fakultas`, `alamat`) VALUES (:nim:, :nama:, :fakultas:, :alamat:)', [...], false)
 2 APPPATH\Models\MData.php(16): CodeIgniter\Database\BaseBuilder->insert([...])
 3 APPPATH\Controllers\Data.php(36): App\Models\MData->saveData([...])
 4 SYSTEMPATH\CodeIgniter.php(934): App\Controllers\Data->saveData()
 5 SYSTEMPATH\CodeIgniter.php(499): CodeIgniter\CodeIgniter->runController(Object(App\Controllers\Data))
 6 SYSTEMPATH\CodeIgniter.php(368): CodeIgniter\CodeIgniter->handleRequest(null, Object(Config\Cache), false)
 7 FCPATH\index.php(67): CodeIgniter\CodeIgniter->run()
 8 SYSTEMPATH\Commands\Server\rewrite.php(47): require_once('FCPATH\\index.php')
ERROR - 2023-03-08 04:51:50 --> mysqli_sql_exception: Duplicate entry '12001011' for key 'PRIMARY' in C:\Users\lenovo\Downloads\codeigniter4\system\Database\MySQLi\Connection.php:295
Stack trace:
#0 C:\Users\lenovo\Downloads\codeigniter4\system\Database\MySQLi\Connection.php(295): mysqli->query('INSERT INTO `ma...', 0)
#1 C:\Users\lenovo\Downloads\codeigniter4\system\Database\BaseConnection.php(691): CodeIgniter\Database\MySQLi\Connection->execute('INSERT INTO `ma...')
#2 C:\Users\lenovo\Downloads\codeigniter4\system\Database\BaseConnection.php(605): CodeIgniter\Database\BaseConnection->simpleQuery('INSERT INTO `ma...')
#3 C:\Users\lenovo\Downloads\codeigniter4\system\Database\BaseBuilder.php(2309): CodeIgniter\Database\BaseConnection->query('INSERT INTO `ma...', Array, false)
#4 C:\Users\lenovo\Downloads\codeigniter4\app\Models\MData.php(16): CodeIgniter\Database\BaseBuilder->insert(Array)
#5 C:\Users\lenovo\Downloads\codeigniter4\app\Controllers\Data.php(36): App\Models\MData->saveData(Array)
#6 C:\Users\lenovo\Downloads\codeigniter4\system\CodeIgniter.php(934): App\Controllers\Data->saveData()
#7 C:\Users\lenovo\Downloads\codeigniter4\system\CodeIgniter.php(499): CodeIgniter\CodeIgniter->runController(Object(App\Controllers\Data))
#8 C:\Users\lenovo\Downloads\codeigniter4\system\CodeIgniter.php(368): CodeIgniter\CodeIgniter->handleRequest(NULL, Object(Config\Cache), false)
#9 C:\Users\lenovo\Downloads\codeigniter4\public\index.php(67): CodeIgniter\CodeIgniter->run()
#10 C:\Users\lenovo\Downloads\codeigniter4\system\Commands\Server\rewrite.php(47): require_once('C:\\Users\\lenovo...')
#11 {main}
CRITICAL - 2023-03-08 04:51:50 --> Duplicate entry '12001011' for key 'PRIMARY'
in SYSTEMPATH\Database\BaseConnection.php on line 645.
 1 SYSTEMPATH\Database\BaseBuilder.php(2309): CodeIgniter\Database\BaseConnection->query('INSERT INTO `mahasiswa` (`nim`, `nama`, `fakultas`, `alamat`) VALUES (:nim:, :nama:, :fakultas:, :alamat:)', [...], false)
 2 APPPATH\Models\MData.php(16): CodeIgniter\Database\BaseBuilder->insert([...])
 3 APPPATH\Controllers\Data.php(36): App\Models\MData->saveData([...])
 4 SYSTEMPATH\CodeIgniter.php(934): App\Controllers\Data->saveData()
 5 SYSTEMPATH\CodeIgniter.php(499): CodeIgniter\CodeIgniter->runController(Object(App\Controllers\Data))
 6 SYSTEMPATH\CodeIgniter.php(368): CodeIgniter\CodeIgniter->handleRequest(null, Object(Config\Cache), false)
 7 FCPATH\index.php(67): CodeIgniter\CodeIgniter->run()
 8 SYSTEMPATH\Commands\Server\rewrite.php(47): require_once('FCPATH\\index.php')
CRITICAL - 2023-03-08 05:05:45 --> Undefined variable $data
in APPPATH\Views\V_editData.php on line 12.
 1 APPPATH\Views\V_editData.php(12): CodeIgniter\Debug\Exceptions->errorHandler(2, 'Undefined variable $data', 'APPPATH\\Views\\V_editData.php', 12)
 2 SYSTEMPATH\View\View.php(213): include('APPPATH\\Views\\V_editData.php')
 3 SYSTEMPATH\View\View.php(216): CodeIgniter\View\View->CodeIgniter\View\{closure}()
 4 SYSTEMPATH\Common.php(1184): CodeIgniter\View\View->render('V_editData', [], true)
 5 APPPATH\Controllers\Data.php(45): view('V_editData', [...])
 6 SYSTEMPATH\CodeIgniter.php(934): App\Controllers\Data->editData('12001002')
 7 SYSTEMPATH\CodeIgniter.php(499): CodeIgniter\CodeIgniter->runController(Object(App\Controllers\Data))
 8 SYSTEMPATH\CodeIgniter.php(368): CodeIgniter\CodeIgniter->handleRequest(null, Object(Config\Cache), false)
 9 FCPATH\index.php(67): CodeIgniter\CodeIgniter->run()
10 SYSTEMPATH\Commands\Server\rewrite.php(47): require_once('FCPATH\\index.php')
CRITICAL - 2023-03-08 05:20:21 --> Undefined variable $hasil
in APPPATH\Views\V_insertData.php on line 27.
 1 APPPATH\Views\V_insertData.php(27): CodeIgniter\Debug\Exceptions->errorHandler(2, 'Undefined variable $hasil', 'APPPATH\\Views\\V_insertData.php', 27)
 2 SYSTEMPATH\View\View.php(213): include('APPPATH\\Views\\V_insertData.php')
 3 SYSTEMPATH\View\View.php(216): CodeIgniter\View\View->CodeIgniter\View\{closure}()
 4 SYSTEMPATH\Common.php(1184): CodeIgniter\View\View->render('V_insertData', [], true)
 5 APPPATH\Controllers\Data.php(25): view('V_insertData')
 6 SYSTEMPATH\CodeIgniter.php(934): App\Controllers\Data->insertData()
 7 SYSTEMPATH\CodeIgniter.php(499): CodeIgniter\CodeIgniter->runController(Object(App\Controllers\Data))
 8 SYSTEMPATH\CodeIgniter.php(368): CodeIgniter\CodeIgniter->handleRequest(null, Object(Config\Cache), false)
 9 FCPATH\index.php(67): CodeIgniter\CodeIgniter->run()
10 SYSTEMPATH\Commands\Server\rewrite.php(47): require_once('FCPATH\\index.php')
ERROR - 2023-03-08 05:55:45 --> mysqli_sql_exception: Unknown column 'css' in 'where clause' in C:\Users\lenovo\Downloads\codeigniter4\system\Database\MySQLi\Connection.php:295
Stack trace:
#0 C:\Users\lenovo\Downloads\codeigniter4\system\Database\MySQLi\Connection.php(295): mysqli->query('select * from m...', 0)
#1 C:\Users\lenovo\Downloads\codeigniter4\system\Database\BaseConnection.php(691): CodeIgniter\Database\MySQLi\Connection->execute('select * from m...')
#2 C:\Users\lenovo\Downloads\codeigniter4\system\Database\BaseConnection.php(605): CodeIgniter\Database\BaseConnection->simpleQuery('select * from m...')
#3 C:\Users\lenovo\Downloads\codeigniter4\app\Models\MData.php(21): CodeIgniter\Database\BaseConnection->query('select * from m...')
#4 C:\Users\lenovo\Downloads\codeigniter4\app\Controllers\Data.php(41): App\Models\MData->getSelectData('css')
#5 C:\Users\lenovo\Downloads\codeigniter4\system\CodeIgniter.php(934): App\Controllers\Data->editData('css', 'bootstrap.css')
#6 C:\Users\lenovo\Downloads\codeigniter4\system\CodeIgniter.php(499): CodeIgniter\CodeIgniter->runController(Object(App\Controllers\Data))
#7 C:\Users\lenovo\Downloads\codeigniter4\system\CodeIgniter.php(368): CodeIgniter\CodeIgniter->handleRequest(NULL, Object(Config\Cache), false)
#8 C:\Users\lenovo\Downloads\codeigniter4\public\index.php(67): CodeIgniter\CodeIgniter->run()
#9 C:\Users\lenovo\Downloads\codeigniter4\system\Commands\Server\rewrite.php(47): require_once('C:\\Users\\lenovo...')
#10 {main}
CRITICAL - 2023-03-08 05:55:45 --> Unknown column 'css' in 'where clause'
in SYSTEMPATH\Database\BaseConnection.php on line 645.
 1 APPPATH\Models\MData.php(21): CodeIgniter\Database\BaseConnection->query('select * from mahasiswa where nim = css')
 2 APPPATH\Controllers\Data.php(41): App\Models\MData->getSelectData('FCPATH\\css')
 3 SYSTEMPATH\CodeIgniter.php(934): App\Controllers\Data->editData('FCPATH\\css', 'bootstrap.css')
 4 SYSTEMPATH\CodeIgniter.php(499): CodeIgniter\CodeIgniter->runController(Object(App\Controllers\Data))
 5 SYSTEMPATH\CodeIgniter.php(368): CodeIgniter\CodeIgniter->handleRequest(null, Object(Config\Cache), false)
 6 FCPATH\index.php(67): CodeIgniter\CodeIgniter->run()
 7 SYSTEMPATH\Commands\Server\rewrite.php(47): require_once('FCPATH\\index.php')
ERROR - 2023-03-08 05:55:45 --> mysqli_sql_exception: Unknown column 'js' in 'where clause' in C:\Users\lenovo\Downloads\codeigniter4\system\Database\MySQLi\Connection.php:295
Stack trace:
#0 C:\Users\lenovo\Downloads\codeigniter4\system\Database\MySQLi\Connection.php(295): mysqli->query('select * from m...', 0)
#1 C:\Users\lenovo\Downloads\codeigniter4\system\Database\BaseConnection.php(691): CodeIgniter\Database\MySQLi\Connection->execute('select * from m...')
#2 C:\Users\lenovo\Downloads\codeigniter4\system\Database\BaseConnection.php(605): CodeIgniter\Database\BaseConnection->simpleQuery('select * from m...')
#3 C:\Users\lenovo\Downloads\codeigniter4\app\Models\MData.php(21): CodeIgniter\Database\BaseConnection->query('select * from m...')
#4 C:\Users\lenovo\Downloads\codeigniter4\app\Controllers\Data.php(41): App\Models\MData->getSelectData('js')
#5 C:\Users\lenovo\Downloads\codeigniter4\system\CodeIgniter.php(934): App\Controllers\Data->editData('js', 'jquery.min.js')
#6 C:\Users\lenovo\Downloads\codeigniter4\system\CodeIgniter.php(499): CodeIgniter\CodeIgniter->runController(Object(App\Controllers\Data))
#7 C:\Users\lenovo\Downloads\codeigniter4\system\CodeIgniter.php(368): CodeIgniter\CodeIgniter->handleRequest(NULL, Object(Config\Cache), false)
#8 C:\Users\lenovo\Downloads\codeigniter4\public\index.php(67): CodeIgniter\CodeIgniter->run()
#9 C:\Users\lenovo\Downloads\codeigniter4\system\Commands\Server\rewrite.php(47): require_once('C:\\Users\\lenovo...')
#10 {main}
CRITICAL - 2023-03-08 05:55:45 --> Unknown column 'js' in 'where clause'
in SYSTEMPATH\Database\BaseConnection.php on line 645.
 1 APPPATH\Models\MData.php(21): CodeIgniter\Database\BaseConnection->query('select * from mahasiswa where nim = js')
 2 APPPATH\Controllers\Data.php(41): App\Models\MData->getSelectData('FCPATH\\js')
 3 SYSTEMPATH\CodeIgniter.php(934): App\Controllers\Data->editData('FCPATH\\js', 'jquery.min.js')
 4 SYSTEMPATH\CodeIgniter.php(499): CodeIgniter\CodeIgniter->runController(Object(App\Controllers\Data))
 5 SYSTEMPATH\CodeIgniter.php(368): CodeIgniter\CodeIgniter->handleRequest(null, Object(Config\Cache), false)
 6 FCPATH\index.php(67): CodeIgniter\CodeIgniter->run()
 7 SYSTEMPATH\Commands\Server\rewrite.php(47): require_once('FCPATH\\index.php')
ERROR - 2023-03-08 05:55:46 --> mysqli_sql_exception: Unknown column 'js' in 'where clause' in C:\Users\lenovo\Downloads\codeigniter4\system\Database\MySQLi\Connection.php:295
Stack trace:
#0 C:\Users\lenovo\Downloads\codeigniter4\system\Database\MySQLi\Connection.php(295): mysqli->query('select * from m...', 0)
#1 C:\Users\lenovo\Downloads\codeigniter4\system\Database\BaseConnection.php(691): CodeIgniter\Database\MySQLi\Connection->execute('select * from m...')
#2 C:\Users\lenovo\Downloads\codeigniter4\system\Database\BaseConnection.php(605): CodeIgniter\Database\BaseConnection->simpleQuery('select * from m...')
#3 C:\Users\lenovo\Downloads\codeigniter4\app\Models\MData.php(21): CodeIgniter\Database\BaseConnection->query('select * from m...')
#4 C:\Users\lenovo\Downloads\codeigniter4\app\Controllers\Data.php(41): App\Models\MData->getSelectData('js')
#5 C:\Users\lenovo\Downloads\codeigniter4\system\CodeIgniter.php(934): App\Controllers\Data->editData('js', 'bootstrap.js')
#6 C:\Users\lenovo\Downloads\codeigniter4\system\CodeIgniter.php(499): CodeIgniter\CodeIgniter->runController(Object(App\Controllers\Data))
#7 C:\Users\lenovo\Downloads\codeigniter4\system\CodeIgniter.php(368): CodeIgniter\CodeIgniter->handleRequest(NULL, Object(Config\Cache), false)
#8 C:\Users\lenovo\Downloads\codeigniter4\public\index.php(67): CodeIgniter\CodeIgniter->run()
#9 C:\Users\lenovo\Downloads\codeigniter4\system\Commands\Server\rewrite.php(47): require_once('C:\\Users\\lenovo...')
#10 {main}
CRITICAL - 2023-03-08 05:55:46 --> Unknown column 'js' in 'where clause'
in SYSTEMPATH\Database\BaseConnection.php on line 645.
 1 APPPATH\Models\MData.php(21): CodeIgniter\Database\BaseConnection->query('select * from mahasiswa where nim = js')
 2 APPPATH\Controllers\Data.php(41): App\Models\MData->getSelectData('FCPATH\\js')
 3 SYSTEMPATH\CodeIgniter.php(934): App\Controllers\Data->editData('FCPATH\\js', 'bootstrap.js')
 4 SYSTEMPATH\CodeIgniter.php(499): CodeIgniter\CodeIgniter->runController(Object(App\Controllers\Data))
 5 SYSTEMPATH\CodeIgniter.php(368): CodeIgniter\CodeIgniter->handleRequest(null, Object(Config\Cache), false)
 6 FCPATH\index.php(67): CodeIgniter\CodeIgniter->run()
 7 SYSTEMPATH\Commands\Server\rewrite.php(47): require_once('FCPATH\\index.php')
ERROR - 2023-03-08 05:55:55 --> mysqli_sql_exception: Unknown column 'css' in 'where clause' in C:\Users\lenovo\Downloads\codeigniter4\system\Database\MySQLi\Connection.php:295
Stack trace:
#0 C:\Users\lenovo\Downloads\codeigniter4\system\Database\MySQLi\Connection.php(295): mysqli->query('select * from m...', 0)
#1 C:\Users\lenovo\Downloads\codeigniter4\system\Database\BaseConnection.php(691): CodeIgniter\Database\MySQLi\Connection->execute('select * from m...')
#2 C:\Users\lenovo\Downloads\codeigniter4\system\Database\BaseConnection.php(605): CodeIgniter\Database\BaseConnection->simpleQuery('select * from m...')
#3 C:\Users\lenovo\Downloads\codeigniter4\app\Models\MData.php(21): CodeIgniter\Database\BaseConnection->query('select * from m...')
#4 C:\Users\lenovo\Downloads\codeigniter4\app\Controllers\Data.php(41): App\Models\MData->getSelectData('css')
#5 C:\Users\lenovo\Downloads\codeigniter4\system\CodeIgniter.php(934): App\Controllers\Data->editData('css', 'bootstrap.css')
#6 C:\Users\lenovo\Downloads\codeigniter4\system\CodeIgniter.php(499): CodeIgniter\CodeIgniter->runController(Object(App\Controllers\Data))
#7 C:\Users\lenovo\Downloads\codeigniter4\system\CodeIgniter.php(368): CodeIgniter\CodeIgniter->handleRequest(NULL, Object(Config\Cache), false)
#8 C:\Users\lenovo\Downloads\codeigniter4\public\index.php(67): CodeIgniter\CodeIgniter->run()
#9 C:\Users\lenovo\Downloads\codeigniter4\system\Commands\Server\rewrite.php(47): require_once('C:\\Users\\lenovo...')
#10 {main}
CRITICAL - 2023-03-08 05:55:55 --> Unknown column 'css' in 'where clause'
in SYSTEMPATH\Database\BaseConnection.php on line 645.
 1 APPPATH\Models\MData.php(21): CodeIgniter\Database\BaseConnection->query('select * from mahasiswa where nim = css')
 2 APPPATH\Controllers\Data.php(41): App\Models\MData->getSelectData('FCPATH\\css')
 3 SYSTEMPATH\CodeIgniter.php(934): App\Controllers\Data->editData('FCPATH\\css', 'bootstrap.css')
 4 SYSTEMPATH\CodeIgniter.php(499): CodeIgniter\CodeIgniter->runController(Object(App\Controllers\Data))
 5 SYSTEMPATH\CodeIgniter.php(368): CodeIgniter\CodeIgniter->handleRequest(null, Object(Config\Cache), false)
 6 FCPATH\index.php(67): CodeIgniter\CodeIgniter->run()
 7 SYSTEMPATH\Commands\Server\rewrite.php(47): require_once('FCPATH\\index.php')
ERROR - 2023-03-08 05:56:09 --> mysqli_sql_exception: Unknown column 'js' in 'where clause' in C:\Users\lenovo\Downloads\codeigniter4\system\Database\MySQLi\Connection.php:295
Stack trace:
#0 C:\Users\lenovo\Downloads\codeigniter4\system\Database\MySQLi\Connection.php(295): mysqli->query('select * from m...', 0)
#1 C:\Users\lenovo\Downloads\codeigniter4\system\Database\BaseConnection.php(691): CodeIgniter\Database\MySQLi\Connection->execute('select * from m...')
#2 C:\Users\lenovo\Downloads\codeigniter4\system\Database\BaseConnection.php(605): CodeIgniter\Database\BaseConnection->simpleQuery('select * from m...')
#3 C:\Users\lenovo\Downloads\codeigniter4\app\Models\MData.php(21): CodeIgniter\Database\BaseConnection->query('select * from m...')
#4 C:\Users\lenovo\Downloads\codeigniter4\app\Controllers\Data.php(41): App\Models\MData->getSelectData('js')
#5 C:\Users\lenovo\Downloads\codeigniter4\system\CodeIgniter.php(934): App\Controllers\Data->editData('js', 'bootstrap.js')
#6 C:\Users\lenovo\Downloads\codeigniter4\system\CodeIgniter.php(499): CodeIgniter\CodeIgniter->runController(Object(App\Controllers\Data))
#7 C:\Users\lenovo\Downloads\codeigniter4\system\CodeIgniter.php(368): CodeIgniter\CodeIgniter->handleRequest(NULL, Object(Config\Cache), false)
#8 C:\Users\lenovo\Downloads\codeigniter4\public\index.php(67): CodeIgniter\CodeIgniter->run()
#9 C:\Users\lenovo\Downloads\codeigniter4\system\Commands\Server\rewrite.php(47): require_once('C:\\Users\\lenovo...')
#10 {main}
CRITICAL - 2023-03-08 05:56:09 --> Unknown column 'js' in 'where clause'
in SYSTEMPATH\Database\BaseConnection.php on line 645.
 1 APPPATH\Models\MData.php(21): CodeIgniter\Database\BaseConnection->query('select * from mahasiswa where nim = js')
 2 APPPATH\Controllers\Data.php(41): App\Models\MData->getSelectData('FCPATH\\js')
 3 SYSTEMPATH\CodeIgniter.php(934): App\Controllers\Data->editData('FCPATH\\js', 'bootstrap.js')
 4 SYSTEMPATH\CodeIgniter.php(499): CodeIgniter\CodeIgniter->runController(Object(App\Controllers\Data))
 5 SYSTEMPATH\CodeIgniter.php(368): CodeIgniter\CodeIgniter->handleRequest(null, Object(Config\Cache), false)
 6 FCPATH\index.php(67): CodeIgniter\CodeIgniter->run()
 7 SYSTEMPATH\Commands\Server\rewrite.php(47): require_once('FCPATH\\index.php')
CRITICAL - 2023-03-08 06:19:15 --> syntax error, unexpected double-quoted string "css/bootstrap.css", expecting "," or ";"
in APPPATH\Views\V_showData.php on line 7.
 1 SYSTEMPATH\View\View.php(216): CodeIgniter\View\View->CodeIgniter\View\{closure}()
 2 SYSTEMPATH\Common.php(1184): CodeIgniter\View\View->render('V_showData', [], true)
 3 APPPATH\Controllers\Data.php(21): view('V_showData', [...])
 4 SYSTEMPATH\CodeIgniter.php(934): App\Controllers\Data->index()
 5 SYSTEMPATH\CodeIgniter.php(499): CodeIgniter\CodeIgniter->runController(Object(App\Controllers\Data))
 6 SYSTEMPATH\CodeIgniter.php(368): CodeIgniter\CodeIgniter->handleRequest(null, Object(Config\Cache), false)
 7 FCPATH\index.php(67): CodeIgniter\CodeIgniter->run()
 8 SYSTEMPATH\Commands\Server\rewrite.php(47): require_once('FCPATH\\index.php')
CRITICAL - 2023-03-08 06:19:42 --> syntax error, unexpected double-quoted string "css/bootstrap.css", expecting "," or ";"
in APPPATH\Views\V_showData.php on line 7.
 1 SYSTEMPATH\View\View.php(216): CodeIgniter\View\View->CodeIgniter\View\{closure}()
 2 SYSTEMPATH\Common.php(1184): CodeIgniter\View\View->render('V_showData', [], true)
 3 APPPATH\Controllers\Data.php(21): view('V_showData', [...])
 4 SYSTEMPATH\CodeIgniter.php(934): App\Controllers\Data->index()
 5 SYSTEMPATH\CodeIgniter.php(499): CodeIgniter\CodeIgniter->runController(Object(App\Controllers\Data))
 6 SYSTEMPATH\CodeIgniter.php(368): CodeIgniter\CodeIgniter->handleRequest(null, Object(Config\Cache), false)
 7 FCPATH\index.php(67): CodeIgniter\CodeIgniter->run()
 8 SYSTEMPATH\Commands\Server\rewrite.php(47): require_once('FCPATH\\index.php')
ERROR - 2023-03-08 06:19:48 --> mysqli_sql_exception: Unknown column 'js' in 'where clause' in C:\Users\lenovo\Downloads\codeigniter4\system\Database\MySQLi\Connection.php:295
Stack trace:
#0 C:\Users\lenovo\Downloads\codeigniter4\system\Database\MySQLi\Connection.php(295): mysqli->query('select * from m...', 0)
#1 C:\Users\lenovo\Downloads\codeigniter4\system\Database\BaseConnection.php(691): CodeIgniter\Database\MySQLi\Connection->execute('select * from m...')
#2 C:\Users\lenovo\Downloads\codeigniter4\system\Database\BaseConnection.php(605): CodeIgniter\Database\BaseConnection->simpleQuery('select * from m...')
#3 C:\Users\lenovo\Downloads\codeigniter4\app\Models\MData.php(21): CodeIgniter\Database\BaseConnection->query('select * from m...')
#4 C:\Users\lenovo\Downloads\codeigniter4\app\Controllers\Data.php(41): App\Models\MData->getSelectData('js')
#5 C:\Users\lenovo\Downloads\codeigniter4\system\CodeIgniter.php(934): App\Controllers\Data->editData('js', 'jquery.min.js')
#6 C:\Users\lenovo\Downloads\codeigniter4\system\CodeIgniter.php(499): CodeIgniter\CodeIgniter->runController(Object(App\Controllers\Data))
#7 C:\Users\lenovo\Downloads\codeigniter4\system\CodeIgniter.php(368): CodeIgniter\CodeIgniter->handleRequest(NULL, Object(Config\Cache), false)
#8 C:\Users\lenovo\Downloads\codeigniter4\public\index.php(67): CodeIgniter\CodeIgniter->run()
#9 C:\Users\lenovo\Downloads\codeigniter4\system\Commands\Server\rewrite.php(47): require_once('C:\\Users\\lenovo...')
#10 {main}
CRITICAL - 2023-03-08 06:19:48 --> Unknown column 'js' in 'where clause'
in SYSTEMPATH\Database\BaseConnection.php on line 645.
 1 APPPATH\Models\MData.php(21): CodeIgniter\Database\BaseConnection->query('select * from mahasiswa where nim = js')
 2 APPPATH\Controllers\Data.php(41): App\Models\MData->getSelectData('FCPATH\\js')
 3 SYSTEMPATH\CodeIgniter.php(934): App\Controllers\Data->editData('FCPATH\\js', 'jquery.min.js')
 4 SYSTEMPATH\CodeIgniter.php(499): CodeIgniter\CodeIgniter->runController(Object(App\Controllers\Data))
 5 SYSTEMPATH\CodeIgniter.php(368): CodeIgniter\CodeIgniter->handleRequest(null, Object(Config\Cache), false)
 6 FCPATH\index.php(67): CodeIgniter\CodeIgniter->run()
 7 SYSTEMPATH\Commands\Server\rewrite.php(47): require_once('FCPATH\\index.php')
ERROR - 2023-03-08 06:21:43 --> mysqli_sql_exception: Unknown column 'js' in 'where clause' in C:\Users\lenovo\Downloads\codeigniter4\system\Database\MySQLi\Connection.php:295
Stack trace:
#0 C:\Users\lenovo\Downloads\codeigniter4\system\Database\MySQLi\Connection.php(295): mysqli->query('select * from m...', 0)
#1 C:\Users\lenovo\Downloads\codeigniter4\system\Database\BaseConnection.php(691): CodeIgniter\Database\MySQLi\Connection->execute('select * from m...')
#2 C:\Users\lenovo\Downloads\codeigniter4\system\Database\BaseConnection.php(605): CodeIgniter\Database\BaseConnection->simpleQuery('select * from m...')
#3 C:\Users\lenovo\Downloads\codeigniter4\app\Models\MData.php(21): CodeIgniter\Database\BaseConnection->query('select * from m...')
#4 C:\Users\lenovo\Downloads\codeigniter4\app\Controllers\Data.php(41): App\Models\MData->getSelectData('js')
#5 C:\Users\lenovo\Downloads\codeigniter4\system\CodeIgniter.php(934): App\Controllers\Data->editData('js', 'jquery.min.js')
#6 C:\Users\lenovo\Downloads\codeigniter4\system\CodeIgniter.php(499): CodeIgniter\CodeIgniter->runController(Object(App\Controllers\Data))
#7 C:\Users\lenovo\Downloads\codeigniter4\system\CodeIgniter.php(368): CodeIgniter\CodeIgniter->handleRequest(NULL, Object(Config\Cache), false)
#8 C:\Users\lenovo\Downloads\codeigniter4\public\index.php(67): CodeIgniter\CodeIgniter->run()
#9 C:\Users\lenovo\Downloads\codeigniter4\system\Commands\Server\rewrite.php(47): require_once('C:\\Users\\lenovo...')
#10 {main}
CRITICAL - 2023-03-08 06:21:43 --> Unknown column 'js' in 'where clause'
in SYSTEMPATH\Database\BaseConnection.php on line 645.
 1 APPPATH\Models\MData.php(21): CodeIgniter\Database\BaseConnection->query('select * from mahasiswa where nim = js')
 2 APPPATH\Controllers\Data.php(41): App\Models\MData->getSelectData('FCPATH\\js')
 3 SYSTEMPATH\CodeIgniter.php(934): App\Controllers\Data->editData('FCPATH\\js', 'jquery.min.js')
 4 SYSTEMPATH\CodeIgniter.php(499): CodeIgniter\CodeIgniter->runController(Object(App\Controllers\Data))
 5 SYSTEMPATH\CodeIgniter.php(368): CodeIgniter\CodeIgniter->handleRequest(null, Object(Config\Cache), false)
 6 FCPATH\index.php(67): CodeIgniter\CodeIgniter->run()
 7 SYSTEMPATH\Commands\Server\rewrite.php(47): require_once('FCPATH\\index.php')
ERROR - 2023-03-08 06:21:44 --> mysqli_sql_exception: Unknown column 'js' in 'where clause' in C:\Users\lenovo\Downloads\codeigniter4\system\Database\MySQLi\Connection.php:295
Stack trace:
#0 C:\Users\lenovo\Downloads\codeigniter4\system\Database\MySQLi\Connection.php(295): mysqli->query('select * from m...', 0)
#1 C:\Users\lenovo\Downloads\codeigniter4\system\Database\BaseConnection.php(691): CodeIgniter\Database\MySQLi\Connection->execute('select * from m...')
#2 C:\Users\lenovo\Downloads\codeigniter4\system\Database\BaseConnection.php(605): CodeIgniter\Database\BaseConnection->simpleQuery('select * from m...')
#3 C:\Users\lenovo\Downloads\codeigniter4\app\Models\MData.php(21): CodeIgniter\Database\BaseConnection->query('select * from m...')
#4 C:\Users\lenovo\Downloads\codeigniter4\app\Controllers\Data.php(41): App\Models\MData->getSelectData('js')
#5 C:\Users\lenovo\Downloads\codeigniter4\system\CodeIgniter.php(934): App\Controllers\Data->editData('js', 'bootstrap.js')
#6 C:\Users\lenovo\Downloads\codeigniter4\system\CodeIgniter.php(499): CodeIgniter\CodeIgniter->runController(Object(App\Controllers\Data))
#7 C:\Users\lenovo\Downloads\codeigniter4\system\CodeIgniter.php(368): CodeIgniter\CodeIgniter->handleRequest(NULL, Object(Config\Cache), false)
#8 C:\Users\lenovo\Downloads\codeigniter4\public\index.php(67): CodeIgniter\CodeIgniter->run()
#9 C:\Users\lenovo\Downloads\codeigniter4\system\Commands\Server\rewrite.php(47): require_once('C:\\Users\\lenovo...')
#10 {main}
CRITICAL - 2023-03-08 06:21:44 --> Unknown column 'js' in 'where clause'
in SYSTEMPATH\Database\BaseConnection.php on line 645.
 1 APPPATH\Models\MData.php(21): CodeIgniter\Database\BaseConnection->query('select * from mahasiswa where nim = js')
 2 APPPATH\Controllers\Data.php(41): App\Models\MData->getSelectData('FCPATH\\js')
 3 SYSTEMPATH\CodeIgniter.php(934): App\Controllers\Data->editData('FCPATH\\js', 'bootstrap.js')
 4 SYSTEMPATH\CodeIgniter.php(499): CodeIgniter\CodeIgniter->runController(Object(App\Controllers\Data))
 5 SYSTEMPATH\CodeIgniter.php(368): CodeIgniter\CodeIgniter->handleRequest(null, Object(Config\Cache), false)
 6 FCPATH\index.php(67): CodeIgniter\CodeIgniter->run()
 7 SYSTEMPATH\Commands\Server\rewrite.php(47): require_once('FCPATH\\index.php')
ERROR - 2023-03-08 06:23:21 --> mysqli_sql_exception: Unknown column 'js' in 'where clause' in C:\Users\lenovo\Downloads\codeigniter4\system\Database\MySQLi\Connection.php:295
Stack trace:
#0 C:\Users\lenovo\Downloads\codeigniter4\system\Database\MySQLi\Connection.php(295): mysqli->query('select * from m...', 0)
#1 C:\Users\lenovo\Downloads\codeigniter4\system\Database\BaseConnection.php(691): CodeIgniter\Database\MySQLi\Connection->execute('select * from m...')
#2 C:\Users\lenovo\Downloads\codeigniter4\system\Database\BaseConnection.php(605): CodeIgniter\Database\BaseConnection->simpleQuery('select * from m...')
#3 C:\Users\lenovo\Downloads\codeigniter4\app\Models\MData.php(21): CodeIgniter\Database\BaseConnection->query('select * from m...')
#4 C:\Users\lenovo\Downloads\codeigniter4\app\Controllers\Data.php(41): App\Models\MData->getSelectData('js')
#5 C:\Users\lenovo\Downloads\codeigniter4\system\CodeIgniter.php(934): App\Controllers\Data->editData('js', 'jquery.min.js')
#6 C:\Users\lenovo\Downloads\codeigniter4\system\CodeIgniter.php(499): CodeIgniter\CodeIgniter->runController(Object(App\Controllers\Data))
#7 C:\Users\lenovo\Downloads\codeigniter4\system\CodeIgniter.php(368): CodeIgniter\CodeIgniter->handleRequest(NULL, Object(Config\Cache), false)
#8 C:\Users\lenovo\Downloads\codeigniter4\public\index.php(67): CodeIgniter\CodeIgniter->run()
#9 C:\Users\lenovo\Downloads\codeigniter4\system\Commands\Server\rewrite.php(47): require_once('C:\\Users\\lenovo...')
#10 {main}
CRITICAL - 2023-03-08 06:23:21 --> Unknown column 'js' in 'where clause'
in SYSTEMPATH\Database\BaseConnection.php on line 645.
 1 APPPATH\Models\MData.php(21): CodeIgniter\Database\BaseConnection->query('select * from mahasiswa where nim = js')
 2 APPPATH\Controllers\Data.php(41): App\Models\MData->getSelectData('FCPATH\\js')
 3 SYSTEMPATH\CodeIgniter.php(934): App\Controllers\Data->editData('FCPATH\\js', 'jquery.min.js')
 4 SYSTEMPATH\CodeIgniter.php(499): CodeIgniter\CodeIgniter->runController(Object(App\Controllers\Data))
 5 SYSTEMPATH\CodeIgniter.php(368): CodeIgniter\CodeIgniter->handleRequest(null, Object(Config\Cache), false)
 6 FCPATH\index.php(67): CodeIgniter\CodeIgniter->run()
 7 SYSTEMPATH\Commands\Server\rewrite.php(47): require_once('FCPATH\\index.php')
ERROR - 2023-03-08 06:23:22 --> mysqli_sql_exception: Unknown column 'js' in 'where clause' in C:\Users\lenovo\Downloads\codeigniter4\system\Database\MySQLi\Connection.php:295
Stack trace:
#0 C:\Users\lenovo\Downloads\codeigniter4\system\Database\MySQLi\Connection.php(295): mysqli->query('select * from m...', 0)
#1 C:\Users\lenovo\Downloads\codeigniter4\system\Database\BaseConnection.php(691): CodeIgniter\Database\MySQLi\Connection->execute('select * from m...')
#2 C:\Users\lenovo\Downloads\codeigniter4\system\Database\BaseConnection.php(605): CodeIgniter\Database\BaseConnection->simpleQuery('select * from m...')
#3 C:\Users\lenovo\Downloads\codeigniter4\app\Models\MData.php(21): CodeIgniter\Database\BaseConnection->query('select * from m...')
#4 C:\Users\lenovo\Downloads\codeigniter4\app\Controllers\Data.php(41): App\Models\MData->getSelectData('js')
#5 C:\Users\lenovo\Downloads\codeigniter4\system\CodeIgniter.php(934): App\Controllers\Data->editData('js', 'bootstrap.js')
#6 C:\Users\lenovo\Downloads\codeigniter4\system\CodeIgniter.php(499): CodeIgniter\CodeIgniter->runController(Object(App\Controllers\Data))
#7 C:\Users\lenovo\Downloads\codeigniter4\system\CodeIgniter.php(368): CodeIgniter\CodeIgniter->handleRequest(NULL, Object(Config\Cache), false)
#8 C:\Users\lenovo\Downloads\codeigniter4\public\index.php(67): CodeIgniter\CodeIgniter->run()
#9 C:\Users\lenovo\Downloads\codeigniter4\system\Commands\Server\rewrite.php(47): require_once('C:\\Users\\lenovo...')
#10 {main}
CRITICAL - 2023-03-08 06:23:22 --> Unknown column 'js' in 'where clause'
in SYSTEMPATH\Database\BaseConnection.php on line 645.
 1 APPPATH\Models\MData.php(21): CodeIgniter\Database\BaseConnection->query('select * from mahasiswa where nim = js')
 2 APPPATH\Controllers\Data.php(41): App\Models\MData->getSelectData('FCPATH\\js')
 3 SYSTEMPATH\CodeIgniter.php(934): App\Controllers\Data->editData('FCPATH\\js', 'bootstrap.js')
 4 SYSTEMPATH\CodeIgniter.php(499): CodeIgniter\CodeIgniter->runController(Object(App\Controllers\Data))
 5 SYSTEMPATH\CodeIgniter.php(368): CodeIgniter\CodeIgniter->handleRequest(null, Object(Config\Cache), false)
 6 FCPATH\index.php(67): CodeIgniter\CodeIgniter->run()
 7 SYSTEMPATH\Commands\Server\rewrite.php(47): require_once('FCPATH\\index.php')
ERROR - 2023-03-08 06:27:31 --> mysqli_sql_exception: Column 'alamat' cannot be null in C:\Users\lenovo\Downloads\codeigniter4\system\Database\MySQLi\Connection.php:295
Stack trace:
#0 C:\Users\lenovo\Downloads\codeigniter4\system\Database\MySQLi\Connection.php(295): mysqli->query('INSERT INTO `ma...', 0)
#1 C:\Users\lenovo\Downloads\codeigniter4\system\Database\BaseConnection.php(691): CodeIgniter\Database\MySQLi\Connection->execute('INSERT INTO `ma...')
#2 C:\Users\lenovo\Downloads\codeigniter4\system\Database\BaseConnection.php(605): CodeIgniter\Database\BaseConnection->simpleQuery('INSERT INTO `ma...')
#3 C:\Users\lenovo\Downloads\codeigniter4\system\Database\BaseBuilder.php(2309): CodeIgniter\Database\BaseConnection->query('INSERT INTO `ma...', Array, false)
#4 C:\Users\lenovo\Downloads\codeigniter4\app\Models\MData.php(16): CodeIgniter\Database\BaseBuilder->insert(Array)
#5 C:\Users\lenovo\Downloads\codeigniter4\app\Controllers\Data.php(36): App\Models\MData->saveData(Array)
#6 C:\Users\lenovo\Downloads\codeigniter4\system\CodeIgniter.php(934): App\Controllers\Data->saveData()
#7 C:\Users\lenovo\Downloads\codeigniter4\system\CodeIgniter.php(499): CodeIgniter\CodeIgniter->runController(Object(App\Controllers\Data))
#8 C:\Users\lenovo\Downloads\codeigniter4\system\CodeIgniter.php(368): CodeIgniter\CodeIgniter->handleRequest(NULL, Object(Config\Cache), false)
#9 C:\Users\lenovo\Downloads\codeigniter4\public\index.php(67): CodeIgniter\CodeIgniter->run()
#10 C:\Users\lenovo\Downloads\codeigniter4\system\Commands\Server\rewrite.php(47): require_once('C:\\Users\\lenovo...')
#11 {main}
CRITICAL - 2023-03-08 06:27:31 --> Column 'alamat' cannot be null
in SYSTEMPATH\Database\BaseConnection.php on line 645.
 1 SYSTEMPATH\Database\BaseBuilder.php(2309): CodeIgniter\Database\BaseConnection->query('INSERT INTO `mahasiswa` (`nim`, `nama`, `fakultas`, `alamat`) VALUES (:nim:, :nama:, :fakultas:, :alamat:)', [...], false)
 2 APPPATH\Models\MData.php(16): CodeIgniter\Database\BaseBuilder->insert([...])
 3 APPPATH\Controllers\Data.php(36): App\Models\MData->saveData([...])
 4 SYSTEMPATH\CodeIgniter.php(934): App\Controllers\Data->saveData()
 5 SYSTEMPATH\CodeIgniter.php(499): CodeIgniter\CodeIgniter->runController(Object(App\Controllers\Data))
 6 SYSTEMPATH\CodeIgniter.php(368): CodeIgniter\CodeIgniter->handleRequest(null, Object(Config\Cache), false)
 7 FCPATH\index.php(67): CodeIgniter\CodeIgniter->run()
 8 SYSTEMPATH\Commands\Server\rewrite.php(47): require_once('FCPATH\\index.php')
ERROR - 2023-03-08 06:34:05 --> mysqli_sql_exception: Unknown column 'js' in 'where clause' in C:\Users\lenovo\Downloads\codeigniter4\system\Database\MySQLi\Connection.php:295
Stack trace:
#0 C:\Users\lenovo\Downloads\codeigniter4\system\Database\MySQLi\Connection.php(295): mysqli->query('select * from m...', 0)
#1 C:\Users\lenovo\Downloads\codeigniter4\system\Database\BaseConnection.php(691): CodeIgniter\Database\MySQLi\Connection->execute('select * from m...')
#2 C:\Users\lenovo\Downloads\codeigniter4\system\Database\BaseConnection.php(605): CodeIgniter\Database\BaseConnection->simpleQuery('select * from m...')
#3 C:\Users\lenovo\Downloads\codeigniter4\app\Models\MData.php(21): CodeIgniter\Database\BaseConnection->query('select * from m...')
#4 C:\Users\lenovo\Downloads\codeigniter4\app\Controllers\Data.php(41): App\Models\MData->getSelectData('js')
#5 C:\Users\lenovo\Downloads\codeigniter4\system\CodeIgniter.php(934): App\Controllers\Data->editData('js', 'jquery.min.js')
#6 C:\Users\lenovo\Downloads\codeigniter4\system\CodeIgniter.php(499): CodeIgniter\CodeIgniter->runController(Object(App\Controllers\Data))
#7 C:\Users\lenovo\Downloads\codeigniter4\system\CodeIgniter.php(368): CodeIgniter\CodeIgniter->handleRequest(NULL, Object(Config\Cache), false)
#8 C:\Users\lenovo\Downloads\codeigniter4\public\index.php(67): CodeIgniter\CodeIgniter->run()
#9 C:\Users\lenovo\Downloads\codeigniter4\system\Commands\Server\rewrite.php(47): require_once('C:\\Users\\lenovo...')
#10 {main}
CRITICAL - 2023-03-08 06:34:05 --> Unknown column 'js' in 'where clause'
in SYSTEMPATH\Database\BaseConnection.php on line 645.
 1 APPPATH\Models\MData.php(21): CodeIgniter\Database\BaseConnection->query('select * from mahasiswa where nim = js')
 2 APPPATH\Controllers\Data.php(41): App\Models\MData->getSelectData('FCPATH\\js')
 3 SYSTEMPATH\CodeIgniter.php(934): App\Controllers\Data->editData('FCPATH\\js', 'jquery.min.js')
 4 SYSTEMPATH\CodeIgniter.php(499): CodeIgniter\CodeIgniter->runController(Object(App\Controllers\Data))
 5 SYSTEMPATH\CodeIgniter.php(368): CodeIgniter\CodeIgniter->handleRequest(null, Object(Config\Cache), false)
 6 FCPATH\index.php(67): CodeIgniter\CodeIgniter->run()
 7 SYSTEMPATH\Commands\Server\rewrite.php(47): require_once('FCPATH\\index.php')
ERROR - 2023-03-08 06:34:05 --> mysqli_sql_exception: Unknown column 'js' in 'where clause' in C:\Users\lenovo\Downloads\codeigniter4\system\Database\MySQLi\Connection.php:295
Stack trace:
#0 C:\Users\lenovo\Downloads\codeigniter4\system\Database\MySQLi\Connection.php(295): mysqli->query('select * from m...', 0)
#1 C:\Users\lenovo\Downloads\codeigniter4\system\Database\BaseConnection.php(691): CodeIgniter\Database\MySQLi\Connection->execute('select * from m...')
#2 C:\Users\lenovo\Downloads\codeigniter4\system\Database\BaseConnection.php(605): CodeIgniter\Database\BaseConnection->simpleQuery('select * from m...')
#3 C:\Users\lenovo\Downloads\codeigniter4\app\Models\MData.php(21): CodeIgniter\Database\BaseConnection->query('select * from m...')
#4 C:\Users\lenovo\Downloads\codeigniter4\app\Controllers\Data.php(41): App\Models\MData->getSelectData('js')
#5 C:\Users\lenovo\Downloads\codeigniter4\system\CodeIgniter.php(934): App\Controllers\Data->editData('js', 'bootstrap.js')
#6 C:\Users\lenovo\Downloads\codeigniter4\system\CodeIgniter.php(499): CodeIgniter\CodeIgniter->runController(Object(App\Controllers\Data))
#7 C:\Users\lenovo\Downloads\codeigniter4\system\CodeIgniter.php(368): CodeIgniter\CodeIgniter->handleRequest(NULL, Object(Config\Cache), false)
#8 C:\Users\lenovo\Downloads\codeigniter4\public\index.php(67): CodeIgniter\CodeIgniter->run()
#9 C:\Users\lenovo\Downloads\codeigniter4\system\Commands\Server\rewrite.php(47): require_once('C:\\Users\\lenovo...')
#10 {main}
CRITICAL - 2023-03-08 06:34:05 --> Unknown column 'js' in 'where clause'
in SYSTEMPATH\Database\BaseConnection.php on line 645.
 1 APPPATH\Models\MData.php(21): CodeIgniter\Database\BaseConnection->query('select * from mahasiswa where nim = js')
 2 APPPATH\Controllers\Data.php(41): App\Models\MData->getSelectData('FCPATH\\js')
 3 SYSTEMPATH\CodeIgniter.php(934): App\Controllers\Data->editData('FCPATH\\js', 'bootstrap.js')
 4 SYSTEMPATH\CodeIgniter.php(499): CodeIgniter\CodeIgniter->runController(Object(App\Controllers\Data))
 5 SYSTEMPATH\CodeIgniter.php(368): CodeIgniter\CodeIgniter->handleRequest(null, Object(Config\Cache), false)
 6 FCPATH\index.php(67): CodeIgniter\CodeIgniter->run()
 7 SYSTEMPATH\Commands\Server\rewrite.php(47): require_once('FCPATH\\index.php')
ERROR - 2023-03-08 06:35:05 --> mysqli_sql_exception: Unknown column 'js' in 'where clause' in C:\Users\lenovo\Downloads\codeigniter4\system\Database\MySQLi\Connection.php:295
Stack trace:
#0 C:\Users\lenovo\Downloads\codeigniter4\system\Database\MySQLi\Connection.php(295): mysqli->query('select * from m...', 0)
#1 C:\Users\lenovo\Downloads\codeigniter4\system\Database\BaseConnection.php(691): CodeIgniter\Database\MySQLi\Connection->execute('select * from m...')
#2 C:\Users\lenovo\Downloads\codeigniter4\system\Database\BaseConnection.php(605): CodeIgniter\Database\BaseConnection->simpleQuery('select * from m...')
#3 C:\Users\lenovo\Downloads\codeigniter4\app\Models\MData.php(21): CodeIgniter\Database\BaseConnection->query('select * from m...')
#4 C:\Users\lenovo\Downloads\codeigniter4\app\Controllers\Data.php(41): App\Models\MData->getSelectData('js')
#5 C:\Users\lenovo\Downloads\codeigniter4\system\CodeIgniter.php(934): App\Controllers\Data->editData('js', 'jquery.min.js')
#6 C:\Users\lenovo\Downloads\codeigniter4\system\CodeIgniter.php(499): CodeIgniter\CodeIgniter->runController(Object(App\Controllers\Data))
#7 C:\Users\lenovo\Downloads\codeigniter4\system\CodeIgniter.php(368): CodeIgniter\CodeIgniter->handleRequest(NULL, Object(Config\Cache), false)
#8 C:\Users\lenovo\Downloads\codeigniter4\public\index.php(67): CodeIgniter\CodeIgniter->run()
#9 C:\Users\lenovo\Downloads\codeigniter4\system\Commands\Server\rewrite.php(47): require_once('C:\\Users\\lenovo...')
#10 {main}
CRITICAL - 2023-03-08 06:35:05 --> Unknown column 'js' in 'where clause'
in SYSTEMPATH\Database\BaseConnection.php on line 645.
 1 APPPATH\Models\MData.php(21): CodeIgniter\Database\BaseConnection->query('select * from mahasiswa where nim = js')
 2 APPPATH\Controllers\Data.php(41): App\Models\MData->getSelectData('FCPATH\\js')
 3 SYSTEMPATH\CodeIgniter.php(934): App\Controllers\Data->editData('FCPATH\\js', 'jquery.min.js')
 4 SYSTEMPATH\CodeIgniter.php(499): CodeIgniter\CodeIgniter->runController(Object(App\Controllers\Data))
 5 SYSTEMPATH\CodeIgniter.php(368): CodeIgniter\CodeIgniter->handleRequest(null, Object(Config\Cache), false)
 6 FCPATH\index.php(67): CodeIgniter\CodeIgniter->run()
 7 SYSTEMPATH\Commands\Server\rewrite.php(47): require_once('FCPATH\\index.php')
ERROR - 2023-03-08 06:35:06 --> mysqli_sql_exception: Unknown column 'js' in 'where clause' in C:\Users\lenovo\Downloads\codeigniter4\system\Database\MySQLi\Connection.php:295
Stack trace:
#0 C:\Users\lenovo\Downloads\codeigniter4\system\Database\MySQLi\Connection.php(295): mysqli->query('select * from m...', 0)
#1 C:\Users\lenovo\Downloads\codeigniter4\system\Database\BaseConnection.php(691): CodeIgniter\Database\MySQLi\Connection->execute('select * from m...')
#2 C:\Users\lenovo\Downloads\codeigniter4\system\Database\BaseConnection.php(605): CodeIgniter\Database\BaseConnection->simpleQuery('select * from m...')
#3 C:\Users\lenovo\Downloads\codeigniter4\app\Models\MData.php(21): CodeIgniter\Database\BaseConnection->query('select * from m...')
#4 C:\Users\lenovo\Downloads\codeigniter4\app\Controllers\Data.php(41): App\Models\MData->getSelectData('js')
#5 C:\Users\lenovo\Downloads\codeigniter4\system\CodeIgniter.php(934): App\Controllers\Data->editData('js', 'bootstrap.js')
#6 C:\Users\lenovo\Downloads\codeigniter4\system\CodeIgniter.php(499): CodeIgniter\CodeIgniter->runController(Object(App\Controllers\Data))
#7 C:\Users\lenovo\Downloads\codeigniter4\system\CodeIgniter.php(368): CodeIgniter\CodeIgniter->handleRequest(NULL, Object(Config\Cache), false)
#8 C:\Users\lenovo\Downloads\codeigniter4\public\index.php(67): CodeIgniter\CodeIgniter->run()
#9 C:\Users\lenovo\Downloads\codeigniter4\system\Commands\Server\rewrite.php(47): require_once('C:\\Users\\lenovo...')
#10 {main}
CRITICAL - 2023-03-08 06:35:06 --> Unknown column 'js' in 'where clause'
in SYSTEMPATH\Database\BaseConnection.php on line 645.
 1 APPPATH\Models\MData.php(21): CodeIgniter\Database\BaseConnection->query('select * from mahasiswa where nim = js')
 2 APPPATH\Controllers\Data.php(41): App\Models\MData->getSelectData('FCPATH\\js')
 3 SYSTEMPATH\CodeIgniter.php(934): App\Controllers\Data->editData('FCPATH\\js', 'bootstrap.js')
 4 SYSTEMPATH\CodeIgniter.php(499): CodeIgniter\CodeIgniter->runController(Object(App\Controllers\Data))
 5 SYSTEMPATH\CodeIgniter.php(368): CodeIgniter\CodeIgniter->handleRequest(null, Object(Config\Cache), false)
 6 FCPATH\index.php(67): CodeIgniter\CodeIgniter->run()
 7 SYSTEMPATH\Commands\Server\rewrite.php(47): require_once('FCPATH\\index.php')
ERROR - 2023-03-08 06:36:48 --> mysqli_sql_exception: Unknown column 'js' in 'where clause' in C:\Users\lenovo\Downloads\codeigniter4\system\Database\MySQLi\Connection.php:295
Stack trace:
#0 C:\Users\lenovo\Downloads\codeigniter4\system\Database\MySQLi\Connection.php(295): mysqli->query('select * from m...', 0)
#1 C:\Users\lenovo\Downloads\codeigniter4\system\Database\BaseConnection.php(691): CodeIgniter\Database\MySQLi\Connection->execute('select * from m...')
#2 C:\Users\lenovo\Downloads\codeigniter4\system\Database\BaseConnection.php(605): CodeIgniter\Database\BaseConnection->simpleQuery('select * from m...')
#3 C:\Users\lenovo\Downloads\codeigniter4\app\Models\MData.php(21): CodeIgniter\Database\BaseConnection->query('select * from m...')
#4 C:\Users\lenovo\Downloads\codeigniter4\app\Controllers\Data.php(41): App\Models\MData->getSelectData('js')
#5 C:\Users\lenovo\Downloads\codeigniter4\system\CodeIgniter.php(934): App\Controllers\Data->editData('js', 'jquery.min.js')
#6 C:\Users\lenovo\Downloads\codeigniter4\system\CodeIgniter.php(499): CodeIgniter\CodeIgniter->runController(Object(App\Controllers\Data))
#7 C:\Users\lenovo\Downloads\codeigniter4\system\CodeIgniter.php(368): CodeIgniter\CodeIgniter->handleRequest(NULL, Object(Config\Cache), false)
#8 C:\Users\lenovo\Downloads\codeigniter4\public\index.php(67): CodeIgniter\CodeIgniter->run()
#9 C:\Users\lenovo\Downloads\codeigniter4\system\Commands\Server\rewrite.php(47): require_once('C:\\Users\\lenovo...')
#10 {main}
CRITICAL - 2023-03-08 06:36:48 --> Unknown column 'js' in 'where clause'
in SYSTEMPATH\Database\BaseConnection.php on line 645.
 1 APPPATH\Models\MData.php(21): CodeIgniter\Database\BaseConnection->query('select * from mahasiswa where nim = js')
 2 APPPATH\Controllers\Data.php(41): App\Models\MData->getSelectData('FCPATH\\js')
 3 SYSTEMPATH\CodeIgniter.php(934): App\Controllers\Data->editData('FCPATH\\js', 'jquery.min.js')
 4 SYSTEMPATH\CodeIgniter.php(499): CodeIgniter\CodeIgniter->runController(Object(App\Controllers\Data))
 5 SYSTEMPATH\CodeIgniter.php(368): CodeIgniter\CodeIgniter->handleRequest(null, Object(Config\Cache), false)
 6 FCPATH\index.php(67): CodeIgniter\CodeIgniter->run()
 7 SYSTEMPATH\Commands\Server\rewrite.php(47): require_once('FCPATH\\index.php')
ERROR - 2023-03-08 06:36:48 --> mysqli_sql_exception: Unknown column 'js' in 'where clause' in C:\Users\lenovo\Downloads\codeigniter4\system\Database\MySQLi\Connection.php:295
Stack trace:
#0 C:\Users\lenovo\Downloads\codeigniter4\system\Database\MySQLi\Connection.php(295): mysqli->query('select * from m...', 0)
#1 C:\Users\lenovo\Downloads\codeigniter4\system\Database\BaseConnection.php(691): CodeIgniter\Database\MySQLi\Connection->execute('select * from m...')
#2 C:\Users\lenovo\Downloads\codeigniter4\system\Database\BaseConnection.php(605): CodeIgniter\Database\BaseConnection->simpleQuery('select * from m...')
#3 C:\Users\lenovo\Downloads\codeigniter4\app\Models\MData.php(21): CodeIgniter\Database\BaseConnection->query('select * from m...')
#4 C:\Users\lenovo\Downloads\codeigniter4\app\Controllers\Data.php(41): App\Models\MData->getSelectData('js')
#5 C:\Users\lenovo\Downloads\codeigniter4\system\CodeIgniter.php(934): App\Controllers\Data->editData('js', 'bootstrap.js')
#6 C:\Users\lenovo\Downloads\codeigniter4\system\CodeIgniter.php(499): CodeIgniter\CodeIgniter->runController(Object(App\Controllers\Data))
#7 C:\Users\lenovo\Downloads\codeigniter4\system\CodeIgniter.php(368): CodeIgniter\CodeIgniter->handleRequest(NULL, Object(Config\Cache), false)
#8 C:\Users\lenovo\Downloads\codeigniter4\public\index.php(67): CodeIgniter\CodeIgniter->run()
#9 C:\Users\lenovo\Downloads\codeigniter4\system\Commands\Server\rewrite.php(47): require_once('C:\\Users\\lenovo...')
#10 {main}
CRITICAL - 2023-03-08 06:36:48 --> Unknown column 'js' in 'where clause'
in SYSTEMPATH\Database\BaseConnection.php on line 645.
 1 APPPATH\Models\MData.php(21): CodeIgniter\Database\BaseConnection->query('select * from mahasiswa where nim = js')
 2 APPPATH\Controllers\Data.php(41): App\Models\MData->getSelectData('FCPATH\\js')
 3 SYSTEMPATH\CodeIgniter.php(934): App\Controllers\Data->editData('FCPATH\\js', 'bootstrap.js')
 4 SYSTEMPATH\CodeIgniter.php(499): CodeIgniter\CodeIgniter->runController(Object(App\Controllers\Data))
 5 SYSTEMPATH\CodeIgniter.php(368): CodeIgniter\CodeIgniter->handleRequest(null, Object(Config\Cache), false)
 6 FCPATH\index.php(67): CodeIgniter\CodeIgniter->run()
 7 SYSTEMPATH\Commands\Server\rewrite.php(47): require_once('FCPATH\\index.php')
ERROR - 2023-03-08 06:37:01 --> mysqli_sql_exception: Unknown column 'js' in 'where clause' in C:\Users\lenovo\Downloads\codeigniter4\system\Database\MySQLi\Connection.php:295
Stack trace:
#0 C:\Users\lenovo\Downloads\codeigniter4\system\Database\MySQLi\Connection.php(295): mysqli->query('select * from m...', 0)
#1 C:\Users\lenovo\Downloads\codeigniter4\system\Database\BaseConnection.php(691): CodeIgniter\Database\MySQLi\Connection->execute('select * from m...')
#2 C:\Users\lenovo\Downloads\codeigniter4\system\Database\BaseConnection.php(605): CodeIgniter\Database\BaseConnection->simpleQuery('select * from m...')
#3 C:\Users\lenovo\Downloads\codeigniter4\app\Models\MData.php(21): CodeIgniter\Database\BaseConnection->query('select * from m...')
#4 C:\Users\lenovo\Downloads\codeigniter4\app\Controllers\Data.php(41): App\Models\MData->getSelectData('js')
#5 C:\Users\lenovo\Downloads\codeigniter4\system\CodeIgniter.php(934): App\Controllers\Data->editData('js', 'jquery.min.js')
#6 C:\Users\lenovo\Downloads\codeigniter4\system\CodeIgniter.php(499): CodeIgniter\CodeIgniter->runController(Object(App\Controllers\Data))
#7 C:\Users\lenovo\Downloads\codeigniter4\system\CodeIgniter.php(368): CodeIgniter\CodeIgniter->handleRequest(NULL, Object(Config\Cache), false)
#8 C:\Users\lenovo\Downloads\codeigniter4\public\index.php(67): CodeIgniter\CodeIgniter->run()
#9 C:\Users\lenovo\Downloads\codeigniter4\system\Commands\Server\rewrite.php(47): require_once('C:\\Users\\lenovo...')
#10 {main}
CRITICAL - 2023-03-08 06:37:01 --> Unknown column 'js' in 'where clause'
in SYSTEMPATH\Database\BaseConnection.php on line 645.
 1 APPPATH\Models\MData.php(21): CodeIgniter\Database\BaseConnection->query('select * from mahasiswa where nim = js')
 2 APPPATH\Controllers\Data.php(41): App\Models\MData->getSelectData('FCPATH\\js')
 3 SYSTEMPATH\CodeIgniter.php(934): App\Controllers\Data->editData('FCPATH\\js', 'jquery.min.js')
 4 SYSTEMPATH\CodeIgniter.php(499): CodeIgniter\CodeIgniter->runController(Object(App\Controllers\Data))
 5 SYSTEMPATH\CodeIgniter.php(368): CodeIgniter\CodeIgniter->handleRequest(null, Object(Config\Cache), false)
 6 FCPATH\index.php(67): CodeIgniter\CodeIgniter->run()
 7 SYSTEMPATH\Commands\Server\rewrite.php(47): require_once('FCPATH\\index.php')
ERROR - 2023-03-08 06:37:01 --> mysqli_sql_exception: Unknown column 'js' in 'where clause' in C:\Users\lenovo\Downloads\codeigniter4\system\Database\MySQLi\Connection.php:295
Stack trace:
#0 C:\Users\lenovo\Downloads\codeigniter4\system\Database\MySQLi\Connection.php(295): mysqli->query('select * from m...', 0)
#1 C:\Users\lenovo\Downloads\codeigniter4\system\Database\BaseConnection.php(691): CodeIgniter\Database\MySQLi\Connection->execute('select * from m...')
#2 C:\Users\lenovo\Downloads\codeigniter4\system\Database\BaseConnection.php(605): CodeIgniter\Database\BaseConnection->simpleQuery('select * from m...')
#3 C:\Users\lenovo\Downloads\codeigniter4\app\Models\MData.php(21): CodeIgniter\Database\BaseConnection->query('select * from m...')
#4 C:\Users\lenovo\Downloads\codeigniter4\app\Controllers\Data.php(41): App\Models\MData->getSelectData('js')
#5 C:\Users\lenovo\Downloads\codeigniter4\system\CodeIgniter.php(934): App\Controllers\Data->editData('js', 'bootstrap.js')
#6 C:\Users\lenovo\Downloads\codeigniter4\system\CodeIgniter.php(499): CodeIgniter\CodeIgniter->runController(Object(App\Controllers\Data))
#7 C:\Users\lenovo\Downloads\codeigniter4\system\CodeIgniter.php(368): CodeIgniter\CodeIgniter->handleRequest(NULL, Object(Config\Cache), false)
#8 C:\Users\lenovo\Downloads\codeigniter4\public\index.php(67): CodeIgniter\CodeIgniter->run()
#9 C:\Users\lenovo\Downloads\codeigniter4\system\Commands\Server\rewrite.php(47): require_once('C:\\Users\\lenovo...')
#10 {main}
CRITICAL - 2023-03-08 06:37:01 --> Unknown column 'js' in 'where clause'
in SYSTEMPATH\Database\BaseConnection.php on line 645.
 1 APPPATH\Models\MData.php(21): CodeIgniter\Database\BaseConnection->query('select * from mahasiswa where nim = js')
 2 APPPATH\Controllers\Data.php(41): App\Models\MData->getSelectData('FCPATH\\js')
 3 SYSTEMPATH\CodeIgniter.php(934): App\Controllers\Data->editData('FCPATH\\js', 'bootstrap.js')
 4 SYSTEMPATH\CodeIgniter.php(499): CodeIgniter\CodeIgniter->runController(Object(App\Controllers\Data))
 5 SYSTEMPATH\CodeIgniter.php(368): CodeIgniter\CodeIgniter->handleRequest(null, Object(Config\Cache), false)
 6 FCPATH\index.php(67): CodeIgniter\CodeIgniter->run()
 7 SYSTEMPATH\Commands\Server\rewrite.php(47): require_once('FCPATH\\index.php')
ERROR - 2023-03-08 06:37:23 --> mysqli_sql_exception: Unknown column 'js' in 'where clause' in C:\Users\lenovo\Downloads\codeigniter4\system\Database\MySQLi\Connection.php:295
Stack trace:
#0 C:\Users\lenovo\Downloads\codeigniter4\system\Database\MySQLi\Connection.php(295): mysqli->query('select * from m...', 0)
#1 C:\Users\lenovo\Downloads\codeigniter4\system\Database\BaseConnection.php(691): CodeIgniter\Database\MySQLi\Connection->execute('select * from m...')
#2 C:\Users\lenovo\Downloads\codeigniter4\system\Database\BaseConnection.php(605): CodeIgniter\Database\BaseConnection->simpleQuery('select * from m...')
#3 C:\Users\lenovo\Downloads\codeigniter4\app\Models\MData.php(21): CodeIgniter\Database\BaseConnection->query('select * from m...')
#4 C:\Users\lenovo\Downloads\codeigniter4\app\Controllers\Data.php(41): App\Models\MData->getSelectData('js')
#5 C:\Users\lenovo\Downloads\codeigniter4\system\CodeIgniter.php(934): App\Controllers\Data->editData('js', 'jquery.min.js')
#6 C:\Users\lenovo\Downloads\codeigniter4\system\CodeIgniter.php(499): CodeIgniter\CodeIgniter->runController(Object(App\Controllers\Data))
#7 C:\Users\lenovo\Downloads\codeigniter4\system\CodeIgniter.php(368): CodeIgniter\CodeIgniter->handleRequest(NULL, Object(Config\Cache), false)
#8 C:\Users\lenovo\Downloads\codeigniter4\public\index.php(67): CodeIgniter\CodeIgniter->run()
#9 C:\Users\lenovo\Downloads\codeigniter4\system\Commands\Server\rewrite.php(47): require_once('C:\\Users\\lenovo...')
#10 {main}
CRITICAL - 2023-03-08 06:37:23 --> Unknown column 'js' in 'where clause'
in SYSTEMPATH\Database\BaseConnection.php on line 645.
 1 APPPATH\Models\MData.php(21): CodeIgniter\Database\BaseConnection->query('select * from mahasiswa where nim = js')
 2 APPPATH\Controllers\Data.php(41): App\Models\MData->getSelectData('FCPATH\\js')
 3 SYSTEMPATH\CodeIgniter.php(934): App\Controllers\Data->editData('FCPATH\\js', 'jquery.min.js')
 4 SYSTEMPATH\CodeIgniter.php(499): CodeIgniter\CodeIgniter->runController(Object(App\Controllers\Data))
 5 SYSTEMPATH\CodeIgniter.php(368): CodeIgniter\CodeIgniter->handleRequest(null, Object(Config\Cache), false)
 6 FCPATH\index.php(67): CodeIgniter\CodeIgniter->run()
 7 SYSTEMPATH\Commands\Server\rewrite.php(47): require_once('FCPATH\\index.php')
ERROR - 2023-03-08 06:37:23 --> mysqli_sql_exception: Unknown column 'js' in 'where clause' in C:\Users\lenovo\Downloads\codeigniter4\system\Database\MySQLi\Connection.php:295
Stack trace:
#0 C:\Users\lenovo\Downloads\codeigniter4\system\Database\MySQLi\Connection.php(295): mysqli->query('select * from m...', 0)
#1 C:\Users\lenovo\Downloads\codeigniter4\system\Database\BaseConnection.php(691): CodeIgniter\Database\MySQLi\Connection->execute('select * from m...')
#2 C:\Users\lenovo\Downloads\codeigniter4\system\Database\BaseConnection.php(605): CodeIgniter\Database\BaseConnection->simpleQuery('select * from m...')
#3 C:\Users\lenovo\Downloads\codeigniter4\app\Models\MData.php(21): CodeIgniter\Database\BaseConnection->query('select * from m...')
#4 C:\Users\lenovo\Downloads\codeigniter4\app\Controllers\Data.php(41): App\Models\MData->getSelectData('js')
#5 C:\Users\lenovo\Downloads\codeigniter4\system\CodeIgniter.php(934): App\Controllers\Data->editData('js', 'bootstrap.js')
#6 C:\Users\lenovo\Downloads\codeigniter4\system\CodeIgniter.php(499): CodeIgniter\CodeIgniter->runController(Object(App\Controllers\Data))
#7 C:\Users\lenovo\Downloads\codeigniter4\system\CodeIgniter.php(368): CodeIgniter\CodeIgniter->handleRequest(NULL, Object(Config\Cache), false)
#8 C:\Users\lenovo\Downloads\codeigniter4\public\index.php(67): CodeIgniter\CodeIgniter->run()
#9 C:\Users\lenovo\Downloads\codeigniter4\system\Commands\Server\rewrite.php(47): require_once('C:\\Users\\lenovo...')
#10 {main}
CRITICAL - 2023-03-08 06:37:23 --> Unknown column 'js' in 'where clause'
in SYSTEMPATH\Database\BaseConnection.php on line 645.
 1 APPPATH\Models\MData.php(21): CodeIgniter\Database\BaseConnection->query('select * from mahasiswa where nim = js')
 2 APPPATH\Controllers\Data.php(41): App\Models\MData->getSelectData('FCPATH\\js')
 3 SYSTEMPATH\CodeIgniter.php(934): App\Controllers\Data->editData('FCPATH\\js', 'bootstrap.js')
 4 SYSTEMPATH\CodeIgniter.php(499): CodeIgniter\CodeIgniter->runController(Object(App\Controllers\Data))
 5 SYSTEMPATH\CodeIgniter.php(368): CodeIgniter\CodeIgniter->handleRequest(null, Object(Config\Cache), false)
 6 FCPATH\index.php(67): CodeIgniter\CodeIgniter->run()
 7 SYSTEMPATH\Commands\Server\rewrite.php(47): require_once('FCPATH\\index.php')
ERROR - 2023-03-08 06:37:36 --> mysqli_sql_exception: Unknown column 'js' in 'where clause' in C:\Users\lenovo\Downloads\codeigniter4\system\Database\MySQLi\Connection.php:295
Stack trace:
#0 C:\Users\lenovo\Downloads\codeigniter4\system\Database\MySQLi\Connection.php(295): mysqli->query('select * from m...', 0)
#1 C:\Users\lenovo\Downloads\codeigniter4\system\Database\BaseConnection.php(691): CodeIgniter\Database\MySQLi\Connection->execute('select * from m...')
#2 C:\Users\lenovo\Downloads\codeigniter4\system\Database\BaseConnection.php(605): CodeIgniter\Database\BaseConnection->simpleQuery('select * from m...')
#3 C:\Users\lenovo\Downloads\codeigniter4\app\Models\MData.php(21): CodeIgniter\Database\BaseConnection->query('select * from m...')
#4 C:\Users\lenovo\Downloads\codeigniter4\app\Controllers\Data.php(41): App\Models\MData->getSelectData('js')
#5 C:\Users\lenovo\Downloads\codeigniter4\system\CodeIgniter.php(934): App\Controllers\Data->editData('js', 'jquery.min.js')
#6 C:\Users\lenovo\Downloads\codeigniter4\system\CodeIgniter.php(499): CodeIgniter\CodeIgniter->runController(Object(App\Controllers\Data))
#7 C:\Users\lenovo\Downloads\codeigniter4\system\CodeIgniter.php(368): CodeIgniter\CodeIgniter->handleRequest(NULL, Object(Config\Cache), false)
#8 C:\Users\lenovo\Downloads\codeigniter4\public\index.php(67): CodeIgniter\CodeIgniter->run()
#9 C:\Users\lenovo\Downloads\codeigniter4\system\Commands\Server\rewrite.php(47): require_once('C:\\Users\\lenovo...')
#10 {main}
CRITICAL - 2023-03-08 06:37:36 --> Unknown column 'js' in 'where clause'
in SYSTEMPATH\Database\BaseConnection.php on line 645.
 1 APPPATH\Models\MData.php(21): CodeIgniter\Database\BaseConnection->query('select * from mahasiswa where nim = js')
 2 APPPATH\Controllers\Data.php(41): App\Models\MData->getSelectData('FCPATH\\js')
 3 SYSTEMPATH\CodeIgniter.php(934): App\Controllers\Data->editData('FCPATH\\js', 'jquery.min.js')
 4 SYSTEMPATH\CodeIgniter.php(499): CodeIgniter\CodeIgniter->runController(Object(App\Controllers\Data))
 5 SYSTEMPATH\CodeIgniter.php(368): CodeIgniter\CodeIgniter->handleRequest(null, Object(Config\Cache), false)
 6 FCPATH\index.php(67): CodeIgniter\CodeIgniter->run()
 7 SYSTEMPATH\Commands\Server\rewrite.php(47): require_once('FCPATH\\index.php')
ERROR - 2023-03-08 06:37:37 --> mysqli_sql_exception: Unknown column 'js' in 'where clause' in C:\Users\lenovo\Downloads\codeigniter4\system\Database\MySQLi\Connection.php:295
Stack trace:
#0 C:\Users\lenovo\Downloads\codeigniter4\system\Database\MySQLi\Connection.php(295): mysqli->query('select * from m...', 0)
#1 C:\Users\lenovo\Downloads\codeigniter4\system\Database\BaseConnection.php(691): CodeIgniter\Database\MySQLi\Connection->execute('select * from m...')
#2 C:\Users\lenovo\Downloads\codeigniter4\system\Database\BaseConnection.php(605): CodeIgniter\Database\BaseConnection->simpleQuery('select * from m...')
#3 C:\Users\lenovo\Downloads\codeigniter4\app\Models\MData.php(21): CodeIgniter\Database\BaseConnection->query('select * from m...')
#4 C:\Users\lenovo\Downloads\codeigniter4\app\Controllers\Data.php(41): App\Models\MData->getSelectData('js')
#5 C:\Users\lenovo\Downloads\codeigniter4\system\CodeIgniter.php(934): App\Controllers\Data->editData('js', 'bootstrap.js')
#6 C:\Users\lenovo\Downloads\codeigniter4\system\CodeIgniter.php(499): CodeIgniter\CodeIgniter->runController(Object(App\Controllers\Data))
#7 C:\Users\lenovo\Downloads\codeigniter4\system\CodeIgniter.php(368): CodeIgniter\CodeIgniter->handleRequest(NULL, Object(Config\Cache), false)
#8 C:\Users\lenovo\Downloads\codeigniter4\public\index.php(67): CodeIgniter\CodeIgniter->run()
#9 C:\Users\lenovo\Downloads\codeigniter4\system\Commands\Server\rewrite.php(47): require_once('C:\\Users\\lenovo...')
#10 {main}
CRITICAL - 2023-03-08 06:37:37 --> Unknown column 'js' in 'where clause'
in SYSTEMPATH\Database\BaseConnection.php on line 645.
 1 APPPATH\Models\MData.php(21): CodeIgniter\Database\BaseConnection->query('select * from mahasiswa where nim = js')
 2 APPPATH\Controllers\Data.php(41): App\Models\MData->getSelectData('FCPATH\\js')
 3 SYSTEMPATH\CodeIgniter.php(934): App\Controllers\Data->editData('FCPATH\\js', 'bootstrap.js')
 4 SYSTEMPATH\CodeIgniter.php(499): CodeIgniter\CodeIgniter->runController(Object(App\Controllers\Data))
 5 SYSTEMPATH\CodeIgniter.php(368): CodeIgniter\CodeIgniter->handleRequest(null, Object(Config\Cache), false)
 6 FCPATH\index.php(67): CodeIgniter\CodeIgniter->run()
 7 SYSTEMPATH\Commands\Server\rewrite.php(47): require_once('FCPATH\\index.php')
ERROR - 2023-03-08 07:00:46 --> mysqli_sql_exception: Unknown column 'js' in 'where clause' in C:\Users\lenovo\Downloads\codeigniter4\system\Database\MySQLi\Connection.php:295
Stack trace:
#0 C:\Users\lenovo\Downloads\codeigniter4\system\Database\MySQLi\Connection.php(295): mysqli->query('select * from m...', 0)
#1 C:\Users\lenovo\Downloads\codeigniter4\system\Database\BaseConnection.php(691): CodeIgniter\Database\MySQLi\Connection->execute('select * from m...')
#2 C:\Users\lenovo\Downloads\codeigniter4\system\Database\BaseConnection.php(605): CodeIgniter\Database\BaseConnection->simpleQuery('select * from m...')
#3 C:\Users\lenovo\Downloads\codeigniter4\app\Models\MData.php(21): CodeIgniter\Database\BaseConnection->query('select * from m...')
#4 C:\Users\lenovo\Downloads\codeigniter4\app\Controllers\Data.php(41): App\Models\MData->getSelectData('js')
#5 C:\Users\lenovo\Downloads\codeigniter4\system\CodeIgniter.php(934): App\Controllers\Data->editData('js', 'jquery.min.js')
#6 C:\Users\lenovo\Downloads\codeigniter4\system\CodeIgniter.php(499): CodeIgniter\CodeIgniter->runController(Object(App\Controllers\Data))
#7 C:\Users\lenovo\Downloads\codeigniter4\system\CodeIgniter.php(368): CodeIgniter\CodeIgniter->handleRequest(NULL, Object(Config\Cache), false)
#8 C:\Users\lenovo\Downloads\codeigniter4\public\index.php(67): CodeIgniter\CodeIgniter->run()
#9 C:\Users\lenovo\Downloads\codeigniter4\system\Commands\Server\rewrite.php(47): require_once('C:\\Users\\lenovo...')
#10 {main}
CRITICAL - 2023-03-08 07:00:47 --> Unknown column 'js' in 'where clause'
in SYSTEMPATH\Database\BaseConnection.php on line 645.
 1 APPPATH\Models\MData.php(21): CodeIgniter\Database\BaseConnection->query('select * from mahasiswa where nim = js')
 2 APPPATH\Controllers\Data.php(41): App\Models\MData->getSelectData('FCPATH\\js')
 3 SYSTEMPATH\CodeIgniter.php(934): App\Controllers\Data->editData('FCPATH\\js', 'jquery.min.js')
 4 SYSTEMPATH\CodeIgniter.php(499): CodeIgniter\CodeIgniter->runController(Object(App\Controllers\Data))
 5 SYSTEMPATH\CodeIgniter.php(368): CodeIgniter\CodeIgniter->handleRequest(null, Object(Config\Cache), false)
 6 FCPATH\index.php(67): CodeIgniter\CodeIgniter->run()
 7 SYSTEMPATH\Commands\Server\rewrite.php(47): require_once('FCPATH\\index.php')
ERROR - 2023-03-08 07:00:47 --> mysqli_sql_exception: Unknown column 'js' in 'where clause' in C:\Users\lenovo\Downloads\codeigniter4\system\Database\MySQLi\Connection.php:295
Stack trace:
#0 C:\Users\lenovo\Downloads\codeigniter4\system\Database\MySQLi\Connection.php(295): mysqli->query('select * from m...', 0)
#1 C:\Users\lenovo\Downloads\codeigniter4\system\Database\BaseConnection.php(691): CodeIgniter\Database\MySQLi\Connection->execute('select * from m...')
#2 C:\Users\lenovo\Downloads\codeigniter4\system\Database\BaseConnection.php(605): CodeIgniter\Database\BaseConnection->simpleQuery('select * from m...')
#3 C:\Users\lenovo\Downloads\codeigniter4\app\Models\MData.php(21): CodeIgniter\Database\BaseConnection->query('select * from m...')
#4 C:\Users\lenovo\Downloads\codeigniter4\app\Controllers\Data.php(41): App\Models\MData->getSelectData('js')
#5 C:\Users\lenovo\Downloads\codeigniter4\system\CodeIgniter.php(934): App\Controllers\Data->editData('js', 'bootstrap.js')
#6 C:\Users\lenovo\Downloads\codeigniter4\system\CodeIgniter.php(499): CodeIgniter\CodeIgniter->runController(Object(App\Controllers\Data))
#7 C:\Users\lenovo\Downloads\codeigniter4\system\CodeIgniter.php(368): CodeIgniter\CodeIgniter->handleRequest(NULL, Object(Config\Cache), false)
#8 C:\Users\lenovo\Downloads\codeigniter4\public\index.php(67): CodeIgniter\CodeIgniter->run()
#9 C:\Users\lenovo\Downloads\codeigniter4\system\Commands\Server\rewrite.php(47): require_once('C:\\Users\\lenovo...')
#10 {main}
CRITICAL - 2023-03-08 07:00:47 --> Unknown column 'js' in 'where clause'
in SYSTEMPATH\Database\BaseConnection.php on line 645.
 1 APPPATH\Models\MData.php(21): CodeIgniter\Database\BaseConnection->query('select * from mahasiswa where nim = js')
 2 APPPATH\Controllers\Data.php(41): App\Models\MData->getSelectData('FCPATH\\js')
 3 SYSTEMPATH\CodeIgniter.php(934): App\Controllers\Data->editData('FCPATH\\js', 'bootstrap.js')
 4 SYSTEMPATH\CodeIgniter.php(499): CodeIgniter\CodeIgniter->runController(Object(App\Controllers\Data))
 5 SYSTEMPATH\CodeIgniter.php(368): CodeIgniter\CodeIgniter->handleRequest(null, Object(Config\Cache), false)
 6 FCPATH\index.php(67): CodeIgniter\CodeIgniter->run()
 7 SYSTEMPATH\Commands\Server\rewrite.php(47): require_once('FCPATH\\index.php')
ERROR - 2023-03-08 07:00:59 --> mysqli_sql_exception: Unknown column 'js' in 'where clause' in C:\Users\lenovo\Downloads\codeigniter4\system\Database\MySQLi\Connection.php:295
Stack trace:
#0 C:\Users\lenovo\Downloads\codeigniter4\system\Database\MySQLi\Connection.php(295): mysqli->query('select * from m...', 0)
#1 C:\Users\lenovo\Downloads\codeigniter4\system\Database\BaseConnection.php(691): CodeIgniter\Database\MySQLi\Connection->execute('select * from m...')
#2 C:\Users\lenovo\Downloads\codeigniter4\system\Database\BaseConnection.php(605): CodeIgniter\Database\BaseConnection->simpleQuery('select * from m...')
#3 C:\Users\lenovo\Downloads\codeigniter4\app\Models\MData.php(21): CodeIgniter\Database\BaseConnection->query('select * from m...')
#4 C:\Users\lenovo\Downloads\codeigniter4\app\Controllers\Data.php(41): App\Models\MData->getSelectData('js')
#5 C:\Users\lenovo\Downloads\codeigniter4\system\CodeIgniter.php(934): App\Controllers\Data->editData('js', 'jquery.min.js')
#6 C:\Users\lenovo\Downloads\codeigniter4\system\CodeIgniter.php(499): CodeIgniter\CodeIgniter->runController(Object(App\Controllers\Data))
#7 C:\Users\lenovo\Downloads\codeigniter4\system\CodeIgniter.php(368): CodeIgniter\CodeIgniter->handleRequest(NULL, Object(Config\Cache), false)
#8 C:\Users\lenovo\Downloads\codeigniter4\public\index.php(67): CodeIgniter\CodeIgniter->run()
#9 C:\Users\lenovo\Downloads\codeigniter4\system\Commands\Server\rewrite.php(47): require_once('C:\\Users\\lenovo...')
#10 {main}
CRITICAL - 2023-03-08 07:00:59 --> Unknown column 'js' in 'where clause'
in SYSTEMPATH\Database\BaseConnection.php on line 645.
 1 APPPATH\Models\MData.php(21): CodeIgniter\Database\BaseConnection->query('select * from mahasiswa where nim = js')
 2 APPPATH\Controllers\Data.php(41): App\Models\MData->getSelectData('FCPATH\\js')
 3 SYSTEMPATH\CodeIgniter.php(934): App\Controllers\Data->editData('FCPATH\\js', 'jquery.min.js')
 4 SYSTEMPATH\CodeIgniter.php(499): CodeIgniter\CodeIgniter->runController(Object(App\Controllers\Data))
 5 SYSTEMPATH\CodeIgniter.php(368): CodeIgniter\CodeIgniter->handleRequest(null, Object(Config\Cache), false)
 6 FCPATH\index.php(67): CodeIgniter\CodeIgniter->run()
 7 SYSTEMPATH\Commands\Server\rewrite.php(47): require_once('FCPATH\\index.php')
ERROR - 2023-03-08 07:00:59 --> mysqli_sql_exception: Unknown column 'js' in 'where clause' in C:\Users\lenovo\Downloads\codeigniter4\system\Database\MySQLi\Connection.php:295
Stack trace:
#0 C:\Users\lenovo\Downloads\codeigniter4\system\Database\MySQLi\Connection.php(295): mysqli->query('select * from m...', 0)
#1 C:\Users\lenovo\Downloads\codeigniter4\system\Database\BaseConnection.php(691): CodeIgniter\Database\MySQLi\Connection->execute('select * from m...')
#2 C:\Users\lenovo\Downloads\codeigniter4\system\Database\BaseConnection.php(605): CodeIgniter\Database\BaseConnection->simpleQuery('select * from m...')
#3 C:\Users\lenovo\Downloads\codeigniter4\app\Models\MData.php(21): CodeIgniter\Database\BaseConnection->query('select * from m...')
#4 C:\Users\lenovo\Downloads\codeigniter4\app\Controllers\Data.php(41): App\Models\MData->getSelectData('js')
#5 C:\Users\lenovo\Downloads\codeigniter4\system\CodeIgniter.php(934): App\Controllers\Data->editData('js', 'bootstrap.js')
#6 C:\Users\lenovo\Downloads\codeigniter4\system\CodeIgniter.php(499): CodeIgniter\CodeIgniter->runController(Object(App\Controllers\Data))
#7 C:\Users\lenovo\Downloads\codeigniter4\system\CodeIgniter.php(368): CodeIgniter\CodeIgniter->handleRequest(NULL, Object(Config\Cache), false)
#8 C:\Users\lenovo\Downloads\codeigniter4\public\index.php(67): CodeIgniter\CodeIgniter->run()
#9 C:\Users\lenovo\Downloads\codeigniter4\system\Commands\Server\rewrite.php(47): require_once('C:\\Users\\lenovo...')
#10 {main}
CRITICAL - 2023-03-08 07:00:59 --> Unknown column 'js' in 'where clause'
in SYSTEMPATH\Database\BaseConnection.php on line 645.
 1 APPPATH\Models\MData.php(21): CodeIgniter\Database\BaseConnection->query('select * from mahasiswa where nim = js')
 2 APPPATH\Controllers\Data.php(41): App\Models\MData->getSelectData('FCPATH\\js')
 3 SYSTEMPATH\CodeIgniter.php(934): App\Controllers\Data->editData('FCPATH\\js', 'bootstrap.js')
 4 SYSTEMPATH\CodeIgniter.php(499): CodeIgniter\CodeIgniter->runController(Object(App\Controllers\Data))
 5 SYSTEMPATH\CodeIgniter.php(368): CodeIgniter\CodeIgniter->handleRequest(null, Object(Config\Cache), false)
 6 FCPATH\index.php(67): CodeIgniter\CodeIgniter->run()
 7 SYSTEMPATH\Commands\Server\rewrite.php(47): require_once('FCPATH\\index.php')
ERROR - 2023-03-08 13:08:22 --> mysqli_sql_exception: Unknown column 'js' in 'where clause' in C:\Users\lenovo\Downloads\codeigniter4\system\Database\MySQLi\Connection.php:295
Stack trace:
#0 C:\Users\lenovo\Downloads\codeigniter4\system\Database\MySQLi\Connection.php(295): mysqli->query('select * from m...', 0)
#1 C:\Users\lenovo\Downloads\codeigniter4\system\Database\BaseConnection.php(691): CodeIgniter\Database\MySQLi\Connection->execute('select * from m...')
#2 C:\Users\lenovo\Downloads\codeigniter4\system\Database\BaseConnection.php(605): CodeIgniter\Database\BaseConnection->simpleQuery('select * from m...')
#3 C:\Users\lenovo\Downloads\codeigniter4\app\Models\MData.php(21): CodeIgniter\Database\BaseConnection->query('select * from m...')
#4 C:\Users\lenovo\Downloads\codeigniter4\app\Controllers\Data.php(41): App\Models\MData->getSelectData('js')
#5 C:\Users\lenovo\Downloads\codeigniter4\system\CodeIgniter.php(934): App\Controllers\Data->editData('js', 'jquery.min.js')
#6 C:\Users\lenovo\Downloads\codeigniter4\system\CodeIgniter.php(499): CodeIgniter\CodeIgniter->runController(Object(App\Controllers\Data))
#7 C:\Users\lenovo\Downloads\codeigniter4\system\CodeIgniter.php(368): CodeIgniter\CodeIgniter->handleRequest(NULL, Object(Config\Cache), false)
#8 C:\Users\lenovo\Downloads\codeigniter4\public\index.php(67): CodeIgniter\CodeIgniter->run()
#9 C:\Users\lenovo\Downloads\codeigniter4\system\Commands\Server\rewrite.php(47): require_once('C:\\Users\\lenovo...')
#10 {main}
CRITICAL - 2023-03-08 13:08:22 --> Unknown column 'js' in 'where clause'
in SYSTEMPATH\Database\BaseConnection.php on line 645.
 1 APPPATH\Models\MData.php(21): CodeIgniter\Database\BaseConnection->query('select * from mahasiswa where nim = js')
 2 APPPATH\Controllers\Data.php(41): App\Models\MData->getSelectData('FCPATH\\js')
 3 SYSTEMPATH\CodeIgniter.php(934): App\Controllers\Data->editData('FCPATH\\js', 'jquery.min.js')
 4 SYSTEMPATH\CodeIgniter.php(499): CodeIgniter\CodeIgniter->runController(Object(App\Controllers\Data))
 5 SYSTEMPATH\CodeIgniter.php(368): CodeIgniter\CodeIgniter->handleRequest(null, Object(Config\Cache), false)
 6 FCPATH\index.php(67): CodeIgniter\CodeIgniter->run()
 7 SYSTEMPATH\Commands\Server\rewrite.php(47): require_once('FCPATH\\index.php')
ERROR - 2023-03-08 13:08:23 --> mysqli_sql_exception: Unknown column 'js' in 'where clause' in C:\Users\lenovo\Downloads\codeigniter4\system\Database\MySQLi\Connection.php:295
Stack trace:
#0 C:\Users\lenovo\Downloads\codeigniter4\system\Database\MySQLi\Connection.php(295): mysqli->query('select * from m...', 0)
#1 C:\Users\lenovo\Downloads\codeigniter4\system\Database\BaseConnection.php(691): CodeIgniter\Database\MySQLi\Connection->execute('select * from m...')
#2 C:\Users\lenovo\Downloads\codeigniter4\system\Database\BaseConnection.php(605): CodeIgniter\Database\BaseConnection->simpleQuery('select * from m...')
#3 C:\Users\lenovo\Downloads\codeigniter4\app\Models\MData.php(21): CodeIgniter\Database\BaseConnection->query('select * from m...')
#4 C:\Users\lenovo\Downloads\codeigniter4\app\Controllers\Data.php(41): App\Models\MData->getSelectData('js')
#5 C:\Users\lenovo\Downloads\codeigniter4\system\CodeIgniter.php(934): App\Controllers\Data->editData('js', 'bootstrap.js')
#6 C:\Users\lenovo\Downloads\codeigniter4\system\CodeIgniter.php(499): CodeIgniter\CodeIgniter->runController(Object(App\Controllers\Data))
#7 C:\Users\lenovo\Downloads\codeigniter4\system\CodeIgniter.php(368): CodeIgniter\CodeIgniter->handleRequest(NULL, Object(Config\Cache), false)
#8 C:\Users\lenovo\Downloads\codeigniter4\public\index.php(67): CodeIgniter\CodeIgniter->run()
#9 C:\Users\lenovo\Downloads\codeigniter4\system\Commands\Server\rewrite.php(47): require_once('C:\\Users\\lenovo...')
#10 {main}
CRITICAL - 2023-03-08 13:08:23 --> Unknown column 'js' in 'where clause'
in SYSTEMPATH\Database\BaseConnection.php on line 645.
 1 APPPATH\Models\MData.php(21): CodeIgniter\Database\BaseConnection->query('select * from mahasiswa where nim = js')
 2 APPPATH\Controllers\Data.php(41): App\Models\MData->getSelectData('FCPATH\\js')
 3 SYSTEMPATH\CodeIgniter.php(934): App\Controllers\Data->editData('FCPATH\\js', 'bootstrap.js')
 4 SYSTEMPATH\CodeIgniter.php(499): CodeIgniter\CodeIgniter->runController(Object(App\Controllers\Data))
 5 SYSTEMPATH\CodeIgniter.php(368): CodeIgniter\CodeIgniter->handleRequest(null, Object(Config\Cache), false)
 6 FCPATH\index.php(67): CodeIgniter\CodeIgniter->run()
 7 SYSTEMPATH\Commands\Server\rewrite.php(47): require_once('FCPATH\\index.php')
ERROR - 2023-03-08 13:12:16 --> mysqli_sql_exception: Unknown column 'js' in 'where clause' in C:\Users\lenovo\Downloads\codeigniter4\system\Database\MySQLi\Connection.php:295
Stack trace:
#0 C:\Users\lenovo\Downloads\codeigniter4\system\Database\MySQLi\Connection.php(295): mysqli->query('select * from m...', 0)
#1 C:\Users\lenovo\Downloads\codeigniter4\system\Database\BaseConnection.php(691): CodeIgniter\Database\MySQLi\Connection->execute('select * from m...')
#2 C:\Users\lenovo\Downloads\codeigniter4\system\Database\BaseConnection.php(605): CodeIgniter\Database\BaseConnection->simpleQuery('select * from m...')
#3 C:\Users\lenovo\Downloads\codeigniter4\app\Models\MData.php(21): CodeIgniter\Database\BaseConnection->query('select * from m...')
#4 C:\Users\lenovo\Downloads\codeigniter4\app\Controllers\Data.php(41): App\Models\MData->getSelectData('js')
#5 C:\Users\lenovo\Downloads\codeigniter4\system\CodeIgniter.php(934): App\Controllers\Data->editData('js', 'jquery.min.js')
#6 C:\Users\lenovo\Downloads\codeigniter4\system\CodeIgniter.php(499): CodeIgniter\CodeIgniter->runController(Object(App\Controllers\Data))
#7 C:\Users\lenovo\Downloads\codeigniter4\system\CodeIgniter.php(368): CodeIgniter\CodeIgniter->handleRequest(NULL, Object(Config\Cache), false)
#8 C:\Users\lenovo\Downloads\codeigniter4\public\index.php(67): CodeIgniter\CodeIgniter->run()
#9 C:\Users\lenovo\Downloads\codeigniter4\system\Commands\Server\rewrite.php(47): require_once('C:\\Users\\lenovo...')
#10 {main}
CRITICAL - 2023-03-08 13:12:16 --> Unknown column 'js' in 'where clause'
in SYSTEMPATH\Database\BaseConnection.php on line 645.
 1 APPPATH\Models\MData.php(21): CodeIgniter\Database\BaseConnection->query('select * from mahasiswa where nim = js')
 2 APPPATH\Controllers\Data.php(41): App\Models\MData->getSelectData('FCPATH\\js')
 3 SYSTEMPATH\CodeIgniter.php(934): App\Controllers\Data->editData('FCPATH\\js', 'jquery.min.js')
 4 SYSTEMPATH\CodeIgniter.php(499): CodeIgniter\CodeIgniter->runController(Object(App\Controllers\Data))
 5 SYSTEMPATH\CodeIgniter.php(368): CodeIgniter\CodeIgniter->handleRequest(null, Object(Config\Cache), false)
 6 FCPATH\index.php(67): CodeIgniter\CodeIgniter->run()
 7 SYSTEMPATH\Commands\Server\rewrite.php(47): require_once('FCPATH\\index.php')
ERROR - 2023-03-08 13:12:16 --> mysqli_sql_exception: Unknown column 'js' in 'where clause' in C:\Users\lenovo\Downloads\codeigniter4\system\Database\MySQLi\Connection.php:295
Stack trace:
#0 C:\Users\lenovo\Downloads\codeigniter4\system\Database\MySQLi\Connection.php(295): mysqli->query('select * from m...', 0)
#1 C:\Users\lenovo\Downloads\codeigniter4\system\Database\BaseConnection.php(691): CodeIgniter\Database\MySQLi\Connection->execute('select * from m...')
#2 C:\Users\lenovo\Downloads\codeigniter4\system\Database\BaseConnection.php(605): CodeIgniter\Database\BaseConnection->simpleQuery('select * from m...')
#3 C:\Users\lenovo\Downloads\codeigniter4\app\Models\MData.php(21): CodeIgniter\Database\BaseConnection->query('select * from m...')
#4 C:\Users\lenovo\Downloads\codeigniter4\app\Controllers\Data.php(41): App\Models\MData->getSelectData('js')
#5 C:\Users\lenovo\Downloads\codeigniter4\system\CodeIgniter.php(934): App\Controllers\Data->editData('js', 'bootstrap.js')
#6 C:\Users\lenovo\Downloads\codeigniter4\system\CodeIgniter.php(499): CodeIgniter\CodeIgniter->runController(Object(App\Controllers\Data))
#7 C:\Users\lenovo\Downloads\codeigniter4\system\CodeIgniter.php(368): CodeIgniter\CodeIgniter->handleRequest(NULL, Object(Config\Cache), false)
#8 C:\Users\lenovo\Downloads\codeigniter4\public\index.php(67): CodeIgniter\CodeIgniter->run()
#9 C:\Users\lenovo\Downloads\codeigniter4\system\Commands\Server\rewrite.php(47): require_once('C:\\Users\\lenovo...')
#10 {main}
CRITICAL - 2023-03-08 13:12:16 --> Unknown column 'js' in 'where clause'
in SYSTEMPATH\Database\BaseConnection.php on line 645.
 1 APPPATH\Models\MData.php(21): CodeIgniter\Database\BaseConnection->query('select * from mahasiswa where nim = js')
 2 APPPATH\Controllers\Data.php(41): App\Models\MData->getSelectData('FCPATH\\js')
 3 SYSTEMPATH\CodeIgniter.php(934): App\Controllers\Data->editData('FCPATH\\js', 'bootstrap.js')
 4 SYSTEMPATH\CodeIgniter.php(499): CodeIgniter\CodeIgniter->runController(Object(App\Controllers\Data))
 5 SYSTEMPATH\CodeIgniter.php(368): CodeIgniter\CodeIgniter->handleRequest(null, Object(Config\Cache), false)
 6 FCPATH\index.php(67): CodeIgniter\CodeIgniter->run()
 7 SYSTEMPATH\Commands\Server\rewrite.php(47): require_once('FCPATH\\index.php')
